[ 2016-02-26T17:43:14+08:00 ] 127.0.0.1 /yaodian/Public/origin/css/bootstrap.min.css
INFO: [ app_init ] --START--
INFO: Run Behavior\BuildLiteBehavior [ RunTime:0.000066s ]
INFO: [ app_init ] --END-- [ RunTime:0.000364s ]
INFO: [ app_begin ] --START--
INFO: Run Behavior\ReadHtmlCacheBehavior [ RunTime:0.000600s ]
INFO: [ app_begin ] --END-- [ RunTime:0.000747s ]
ERR: 无法加载控制器:Origin

[ 2016-02-26T17:43:14+08:00 ] 127.0.0.1 /yaodian/Public/origin/js/carousel.js
INFO: [ app_init ] --START--
INFO: Run Behavior\BuildLiteBehavior [ RunTime:0.000043s ]
INFO: [ app_init ] --END-- [ RunTime:0.000230s ]
INFO: [ app_begin ] --START--
INFO: Run Behavior\ReadHtmlCacheBehavior [ RunTime:0.001406s ]
INFO: [ app_begin ] --END-- [ RunTime:0.001585s ]
ERR: 无法加载控制器:Origin

[ 2016-02-26T17:43:14+08:00 ] 127.0.0.1 /yaodian/Public/origin/js/jquery-2.1.3.min.js
INFO: [ app_init ] --START--
INFO: Run Behavior\BuildLiteBehavior [ RunTime:0.000023s ]
INFO: [ app_init ] --END-- [ RunTime:0.000171s ]
INFO: [ app_begin ] --START--
INFO: Run Behavior\ReadHtmlCacheBehavior [ RunTime:0.001421s ]
INFO: [ app_begin ] --END-- [ RunTime:0.001564s ]
ERR: 无法加载控制器:Origin

[ 2016-02-26T17:43:14+08:00 ] 127.0.0.1 /yaodian/Public/origin/js/bootstrap.min.js
INFO: [ app_init ] --START--
INFO: Run Behavior\BuildLiteBehavior [ RunTime:0.000035s ]
INFO: [ app_init ] --END-- [ RunTime:0.000228s ]
INFO: [ app_begin ] --START--
INFO: Run Behavior\ReadHtmlCacheBehavior [ RunTime:0.001212s ]
INFO: [ app_begin ] --END-- [ RunTime:0.001371s ]
ERR: 无法加载控制器:Origin

[ 2016-02-26T17:43:16+08:00 ] 127.0.0.1 /yaodian/Public/origin/js/carousel.js
INFO: [ app_init ] --START--
INFO: Run Behavior\BuildLiteBehavior [ RunTime:0.000033s ]
INFO: [ app_init ] --END-- [ RunTime:0.000203s ]
INFO: [ app_begin ] --START--
INFO: Run Behavior\ReadHtmlCacheBehavior [ RunTime:0.000748s ]
INFO: [ app_begin ] --END-- [ RunTime:0.000918s ]
ERR: 无法加载控制器:Origin

[ 2016-02-26T17:43:16+08:00 ] 127.0.0.1 /yaodian/Public/origin/js/jquery-2.1.3.min.js
INFO: [ app_init ] --START--
INFO: Run Behavior\BuildLiteBehavior [ RunTime:0.000032s ]
INFO: [ app_init ] --END-- [ RunTime:0.000189s ]
INFO: [ app_begin ] --START--
INFO: Run Behavior\ReadHtmlCacheBehavior [ RunTime:0.000756s ]
INFO: [ app_begin ] --END-- [ RunTime:0.000927s ]
ERR: 无法加载控制器:Origin

[ 2016-02-26T17:43:16+08:00 ] 127.0.0.1 /yaodian/Public/origin/css/bootstrap.min.css
INFO: [ app_init ] --START--
INFO: Run Behavior\BuildLiteBehavior [ RunTime:0.000039s ]
INFO: [ app_init ] --END-- [ RunTime:0.000513s ]
INFO: [ app_begin ] --START--
INFO: Run Behavior\ReadHtmlCacheBehavior [ RunTime:0.001775s ]
INFO: [ app_begin ] --END-- [ RunTime:0.002039s ]
ERR: 无法加载控制器:Origin

[ 2016-02-26T17:43:16+08:00 ] 127.0.0.1 /yaodian/Public/origin/js/bootstrap.min.js
INFO: [ app_init ] --START--
INFO: Run Behavior\BuildLiteBehavior [ RunTime:0.000034s ]
INFO: [ app_init ] --END-- [ RunTime:0.000182s ]
INFO: [ app_begin ] --START--
INFO: Run Behavior\ReadHtmlCacheBehavior [ RunTime:0.001602s ]
INFO: [ app_begin ] --END-- [ RunTime:0.001807s ]
ERR: 无法加载控制器:Origin

[ 2016-02-26T17:43:18+08:00 ] 127.0.0.1 /yaodian/Public/origin/css/bootstrap.min.css
INFO: [ app_init ] --START--
INFO: Run Behavior\BuildLiteBehavior [ RunTime:0.000035s ]
INFO: [ app_init ] --END-- [ RunTime:0.000203s ]
INFO: [ app_begin ] --START--
INFO: Run Behavior\ReadHtmlCacheBehavior [ RunTime:0.000763s ]
INFO: [ app_begin ] --END-- [ RunTime:0.000925s ]
ERR: 无法加载控制器:Origin

[ 2016-02-26T17:43:18+08:00 ] 127.0.0.1 /yaodian/Public/origin/js/jquery-2.1.3.min.js
INFO: [ app_init ] --START--
INFO: Run Behavior\BuildLiteBehavior [ RunTime:0.000033s ]
INFO: [ app_init ] --END-- [ RunTime:0.000189s ]
INFO: [ app_begin ] --START--
INFO: Run Behavior\ReadHtmlCacheBehavior [ RunTime:0.000753s ]
INFO: [ app_begin ] --END-- [ RunTime:0.000951s ]
ERR: 无法加载控制器:Origin

[ 2016-02-26T17:43:18+08:00 ] 127.0.0.1 /yaodian/Public/origin/js/bootstrap.min.js
INFO: [ app_init ] --START--
INFO: Run Behavior\BuildLiteBehavior [ RunTime:0.000032s ]
INFO: [ app_init ] --END-- [ RunTime:0.000192s ]
INFO: [ app_begin ] --START--
INFO: Run Behavior\ReadHtmlCacheBehavior [ RunTime:0.001250s ]
INFO: [ app_begin ] --END-- [ RunTime:0.001393s ]
ERR: 无法加载控制器:Origin

[ 2016-02-26T17:43:18+08:00 ] 127.0.0.1 /yaodian/Public/origin/js/carousel.js
INFO: [ app_init ] --START--
INFO: Run Behavior\BuildLiteBehavior [ RunTime:0.000030s ]
INFO: [ app_init ] --END-- [ RunTime:0.000201s ]
INFO: [ app_begin ] --START--
INFO: Run Behavior\ReadHtmlCacheBehavior [ RunTime:0.000984s ]
INFO: [ app_begin ] --END-- [ RunTime:0.001098s ]
ERR: 无法加载控制器:Origin

[ 2016-02-26T17:44:05+08:00 ] 127.0.0.1 /yaodian/Public/origin/css/bootstrap.min.css
INFO: [ app_init ] --START--
INFO: Run Behavior\BuildLiteBehavior [ RunTime:0.000035s ]
INFO: [ app_init ] --END-- [ RunTime:0.000197s ]
INFO: [ app_begin ] --START--
INFO: Run Behavior\ReadHtmlCacheBehavior [ RunTime:0.001344s ]
INFO: [ app_begin ] --END-- [ RunTime:0.001604s ]
ERR: 无法加载控制器:Origin

[ 2016-02-26T17:44:05+08:00 ] 127.0.0.1 /yaodian/Public/origin/js/carousel.js
INFO: [ app_init ] --START--
INFO: Run Behavior\BuildLiteBehavior [ RunTime:0.000020s ]
INFO: [ app_init ] --END-- [ RunTime:0.000114s ]
INFO: [ app_begin ] --START--
INFO: Run Behavior\ReadHtmlCacheBehavior [ RunTime:0.000506s ]
INFO: [ app_begin ] --END-- [ RunTime:0.000608s ]
ERR: 无法加载控制器:Origin

[ 2016-02-26T17:44:05+08:00 ] 127.0.0.1 /yaodian/Public/origin/js/bootstrap.min.js
INFO: [ app_init ] --START--
INFO: Run Behavior\BuildLiteBehavior [ RunTime:0.000024s ]
INFO: [ app_init ] --END-- [ RunTime:0.000122s ]
INFO: [ app_begin ] --START--
INFO: Run Behavior\ReadHtmlCacheBehavior [ RunTime:0.000996s ]
INFO: [ app_begin ] --END-- [ RunTime:0.001106s ]
ERR: 无法加载控制器:Origin

[ 2016-02-26T17:44:05+08:00 ] 127.0.0.1 /yaodian/Public/origin/js/jquery-2.1.3.min.js
INFO: [ app_init ] --START--
INFO: Run Behavior\BuildLiteBehavior [ RunTime:0.000022s ]
INFO: [ app_init ] --END-- [ RunTime:0.000147s ]
INFO: [ app_begin ] --START--
INFO: Run Behavior\ReadHtmlCacheBehavior [ RunTime:0.001636s ]
INFO: [ app_begin ] --END-- [ RunTime:0.001798s ]
ERR: 无法加载控制器:Origin

[ 2016-02-26T17:45:35+08:00 ] 127.0.0.1 /yaodian/Public/origin/js/bootstrap.min.js
INFO: [ app_init ] --START--
INFO: Run Behavior\BuildLiteBehavior [ RunTime:0.000021s ]
INFO: [ app_init ] --END-- [ RunTime:0.000116s ]
INFO: [ app_begin ] --START--
INFO: Run Behavior\ReadHtmlCacheBehavior [ RunTime:0.000775s ]
INFO: [ app_begin ] --END-- [ RunTime:0.000953s ]
ERR: 无法加载控制器:Origin

[ 2016-02-26T17:45:35+08:00 ] 127.0.0.1 /yaodian/Public/origin/css/bootstrap.min.css
INFO: [ app_init ] --START--
INFO: Run Behavior\BuildLiteBehavior [ RunTime:0.000046s ]
INFO: [ app_init ] --END-- [ RunTime:0.000281s ]
INFO: [ app_begin ] --START--
INFO: Run Behavior\ReadHtmlCacheBehavior [ RunTime:0.001438s ]
INFO: [ app_begin ] --END-- [ RunTime:0.001681s ]
ERR: 无法加载控制器:Origin

[ 2016-02-26T17:45:35+08:00 ] 127.0.0.1 /yaodian/Public/origin/js/jquery-2.1.3.min.js
INFO: [ app_init ] --START--
INFO: Run Behavior\BuildLiteBehavior [ RunTime:0.000035s ]
INFO: [ app_init ] --END-- [ RunTime:0.000202s ]
INFO: [ app_begin ] --START--
INFO: Run Behavior\ReadHtmlCacheBehavior [ RunTime:0.001210s ]
INFO: [ app_begin ] --END-- [ RunTime:0.001400s ]
ERR: 无法加载控制器:Origin

[ 2016-02-26T17:45:35+08:00 ] 127.0.0.1 /yaodian/Public/origin/js/carousel.js
INFO: [ app_init ] --START--
INFO: Run Behavior\BuildLiteBehavior [ RunTime:0.000032s ]
INFO: [ app_init ] --END-- [ RunTime:0.000179s ]
INFO: [ app_begin ] --START--
INFO: Run Behavior\ReadHtmlCacheBehavior [ RunTime:0.001759s ]
INFO: [ app_begin ] --END-- [ RunTime:0.001934s ]
ERR: 无法加载控制器:Origin

[ 2016-02-26T17:45:36+08:00 ] 127.0.0.1 /yaodian/Public/origin/css/bootstrap.min.css
INFO: [ app_init ] --START--
INFO: Run Behavior\BuildLiteBehavior [ RunTime:0.000034s ]
INFO: [ app_init ] --END-- [ RunTime:0.000196s ]
INFO: [ app_begin ] --START--
INFO: Run Behavior\ReadHtmlCacheBehavior [ RunTime:0.000641s ]
INFO: [ app_begin ] --END-- [ RunTime:0.000789s ]
ERR: 无法加载控制器:Origin

[ 2016-02-26T17:45:36+08:00 ] 127.0.0.1 /yaodian/Public/origin/js/carousel.js
INFO: [ app_init ] --START--
INFO: Run Behavior\BuildLiteBehavior [ RunTime:0.000033s ]
INFO: [ app_init ] --END-- [ RunTime:0.000193s ]
INFO: [ app_begin ] --START--
INFO: Run Behavior\ReadHtmlCacheBehavior [ RunTime:0.000748s ]
INFO: [ app_begin ] --END-- [ RunTime:0.000919s ]
ERR: 无法加载控制器:Origin

[ 2016-02-26T17:45:36+08:00 ] 127.0.0.1 /yaodian/Public/origin/js/bootstrap.min.js
INFO: [ app_init ] --START--
INFO: Run Behavior\BuildLiteBehavior [ RunTime:0.000033s ]
INFO: [ app_init ] --END-- [ RunTime:0.000186s ]
INFO: [ app_begin ] --START--
INFO: Run Behavior\ReadHtmlCacheBehavior [ RunTime:0.000771s ]
INFO: [ app_begin ] --END-- [ RunTime:0.000940s ]
ERR: 无法加载控制器:Origin

[ 2016-02-26T17:45:36+08:00 ] 127.0.0.1 /yaodian/Public/origin/js/jquery-2.1.3.min.js
INFO: [ app_init ] --START--
INFO: Run Behavior\BuildLiteBehavior [ RunTime:0.000030s ]
INFO: [ app_init ] --END-- [ RunTime:0.000181s ]
INFO: [ app_begin ] --START--
INFO: Run Behavior\ReadHtmlCacheBehavior [ RunTime:0.001091s ]
INFO: [ app_begin ] --END-- [ RunTime:0.001208s ]
ERR: 无法加载控制器:Origin

[ 2016-02-26T17:45:38+08:00 ] 127.0.0.1 /yaodian/Public/origin/information/information.html
INFO: [ app_init ] --START--
INFO: Run Behavior\BuildLiteBehavior [ RunTime:0.000020s ]
INFO: [ app_init ] --END-- [ RunTime:0.000109s ]
INFO: [ app_begin ] --START--
INFO: Run Behavior\ReadHtmlCacheBehavior [ RunTime:0.000874s ]
INFO: [ app_begin ] --END-- [ RunTime:0.001003s ]
ERR: 无法加载控制器:Origin

[ 2016-02-26T17:47:52+08:00 ] 127.0.0.1 /yaodian/Public/origin/search/search.html
INFO: [ app_init ] --START--
INFO: Run Behavior\BuildLiteBehavior [ RunTime:0.000021s ]
INFO: [ app_init ] --END-- [ RunTime:0.000123s ]
INFO: [ app_begin ] --START--
INFO: Run Behavior\ReadHtmlCacheBehavior [ RunTime:0.000844s ]
INFO: [ app_begin ] --END-- [ RunTime:0.000961s ]
ERR: 无法加载控制器:Origin

[ 2016-02-26T17:49:12+08:00 ] 127.0.0.1 /yaodian/Public/origin/js/jquery-2.1.3.min.js
INFO: [ app_init ] --START--
INFO: Run Behavior\BuildLiteBehavior [ RunTime:0.000038s ]
INFO: [ app_init ] --END-- [ RunTime:0.000202s ]
INFO: [ app_begin ] --START--
INFO: Run Behavior\ReadHtmlCacheBehavior [ RunTime:0.000801s ]
INFO: [ app_begin ] --END-- [ RunTime:0.001007s ]
ERR: 无法加载控制器:Origin

[ 2016-02-26T17:49:12+08:00 ] 127.0.0.1 /yaodian/Public/origin/css/bootstrap.min.css
INFO: [ app_init ] --START--
INFO: Run Behavior\BuildLiteBehavior [ RunTime:0.000035s ]
INFO: [ app_init ] --END-- [ RunTime:0.000209s ]
INFO: [ app_begin ] --START--
INFO: Run Behavior\ReadHtmlCacheBehavior [ RunTime:0.001551s ]
INFO: [ app_begin ] --END-- [ RunTime:0.001742s ]
ERR: 无法加载控制器:Origin

[ 2016-02-26T17:49:12+08:00 ] 127.0.0.1 /yaodian/Public/origin/home/images/0.png
INFO: [ app_init ] --START--
INFO: Run Behavior\BuildLiteBehavior [ RunTime:0.000033s ]
INFO: [ app_init ] --END-- [ RunTime:0.000193s ]

[ 2016-02-26T17:49:12+08:00 ] 127.0.0.1 /yaodian/Public/origin/js/carousel.js
INFO: [ app_init ] --START--
INFO: Run Behavior\BuildLiteBehavior [ RunTime:0.000025s ]
INFO: [ app_init ] --END-- [ RunTime:0.000157s ]
INFO: [ app_begin ] --START--
INFO: Run Behavior\ReadHtmlCacheBehavior [ RunTime:0.001212s ]
INFO: [ app_begin ] --END-- [ RunTime:0.001401s ]
ERR: 无法加载控制器:Origin

[ 2016-02-26T17:49:12+08:00 ] 127.0.0.1 /yaodian/Public/origin/js/bootstrap.min.js
INFO: [ app_init ] --START--
INFO: Run Behavior\BuildLiteBehavior [ RunTime:0.000033s ]
INFO: [ app_init ] --END-- [ RunTime:0.000199s ]
INFO: [ app_begin ] --START--
INFO: Run Behavior\ReadHtmlCacheBehavior [ RunTime:0.000994s ]
INFO: [ app_begin ] --END-- [ RunTime:0.001115s ]
ERR: 无法加载控制器:Origin

[ 2016-02-26T17:49:12+08:00 ] 127.0.0.1 /yaodian/Public/origin/home/images/1.png
INFO: [ app_init ] --START--
INFO: Run Behavior\BuildLiteBehavior [ RunTime:0.000046s ]
INFO: [ app_init ] --END-- [ RunTime:0.000216s ]

[ 2016-02-26T17:49:13+08:00 ] 127.0.0.1 /yaodian/Public/origin/home/images/2.png
INFO: [ app_init ] --START--
INFO: Run Behavior\BuildLiteBehavior [ RunTime:0.000041s ]
INFO: [ app_init ] --END-- [ RunTime:0.000278s ]

[ 2016-02-26T17:49:13+08:00 ] 127.0.0.1 /yaodian/Public/origin/home/images/0.png
INFO: [ app_init ] --START--
INFO: Run Behavior\BuildLiteBehavior [ RunTime:0.000035s ]
INFO: [ app_init ] --END-- [ RunTime:0.000213s ]

[ 2016-02-26T17:49:31+08:00 ] 127.0.0.1 /yaodian/Public/origin/home/images/0.png
INFO: [ app_init ] --START--
INFO: Run Behavior\BuildLiteBehavior [ RunTime:0.000020s ]
INFO: [ app_init ] --END-- [ RunTime:0.000111s ]

[ 2016-02-26T17:50:44+08:00 ] 127.0.0.1 /yaodian/Public/origin/home/images/0.png
INFO: [ app_init ] --START--
INFO: Run Behavior\BuildLiteBehavior [ RunTime:0.000021s ]
INFO: [ app_init ] --END-- [ RunTime:0.000134s ]

[ 2016-02-26T17:51:21+08:00 ] 127.0.0.1 /yaodian/Public/origin/home/images/0.png
INFO: [ app_init ] --START--
INFO: Run Behavior\BuildLiteBehavior [ RunTime:0.000021s ]
INFO: [ app_init ] --END-- [ RunTime:0.000127s ]

[ 2016-02-26T17:51:40+08:00 ] 127.0.0.1 /yaodian/Public/home/images/0.png
INFO: [ app_init ] --START--
INFO: Run Behavior\BuildLiteBehavior [ RunTime:0.000029s ]
INFO: [ app_init ] --END-- [ RunTime:0.000161s ]

[ 2016-02-26T17:58:58+08:00 ] 127.0.0.1 /yaodian/Public/css/bootstrap.min.css
INFO: [ app_init ] --START--
INFO: Run Behavior\BuildLiteBehavior [ RunTime:0.000032s ]
INFO: [ app_init ] --END-- [ RunTime:0.000196s ]
INFO: [ app_begin ] --START--
INFO: Run Behavior\ReadHtmlCacheBehavior [ RunTime:0.000775s ]
INFO: [ app_begin ] --END-- [ RunTime:0.000988s ]
ERR: 无法加载控制器:Css

[ 2016-02-26T17:58:58+08:00 ] 127.0.0.1 /yaodian/Public/images/home/images/0.png
INFO: [ app_init ] --START--
INFO: Run Behavior\BuildLiteBehavior [ RunTime:0.000033s ]
INFO: [ app_init ] --END-- [ RunTime:0.000207s ]

[ 2016-02-26T17:58:58+08:00 ] 127.0.0.1 /yaodian/Public/js/jquery-2.1.3.min.js
INFO: [ app_init ] --START--
INFO: Run Behavior\BuildLiteBehavior [ RunTime:0.000021s ]
INFO: [ app_init ] --END-- [ RunTime:0.000119s ]
INFO: [ app_begin ] --START--
INFO: Run Behavior\ReadHtmlCacheBehavior [ RunTime:0.001185s ]
INFO: [ app_begin ] --END-- [ RunTime:0.001351s ]
ERR: 无法加载控制器:Js

[ 2016-02-26T17:58:58+08:00 ] 127.0.0.1 /yaodian/Public/origin/js/carousel.js
INFO: [ app_init ] --START--
INFO: Run Behavior\BuildLiteBehavior [ RunTime:0.000032s ]
INFO: [ app_init ] --END-- [ RunTime:0.000183s ]
INFO: [ app_begin ] --START--
INFO: Run Behavior\ReadHtmlCacheBehavior [ RunTime:0.000971s ]
INFO: [ app_begin ] --END-- [ RunTime:0.001081s ]
ERR: 无法加载控制器:Origin

[ 2016-02-26T17:58:58+08:00 ] 127.0.0.1 /yaodian/Public/js/bootstrap.min.js
INFO: [ app_init ] --START--
INFO: Run Behavior\BuildLiteBehavior [ RunTime:0.000032s ]
INFO: [ app_init ] --END-- [ RunTime:0.000179s ]
INFO: [ app_begin ] --START--
INFO: Run Behavior\ReadHtmlCacheBehavior [ RunTime:0.001934s ]
INFO: [ app_begin ] --END-- [ RunTime:0.002091s ]
ERR: 无法加载控制器:Js

[ 2016-02-26T17:58:58+08:00 ] 127.0.0.1 /yaodian/Public/images/home/images/1.png
INFO: [ app_init ] --START--
INFO: Run Behavior\BuildLiteBehavior [ RunTime:0.000021s ]
INFO: [ app_init ] --END-- [ RunTime:0.000130s ]

[ 2016-02-26T17:58:58+08:00 ] 127.0.0.1 /yaodian/Public/images/home/images/2.png
INFO: [ app_init ] --START--
INFO: Run Behavior\BuildLiteBehavior [ RunTime:0.000037s ]
INFO: [ app_init ] --END-- [ RunTime:0.000209s ]

[ 2016-02-26T17:58:58+08:00 ] 127.0.0.1 /yaodian/Public/images/home/images/0.png
INFO: [ app_init ] --START--
INFO: Run Behavior\BuildLiteBehavior [ RunTime:0.000021s ]
INFO: [ app_init ] --END-- [ RunTime:0.000129s ]

[ 2016-02-26T17:59:39+08:00 ] 127.0.0.1 /yaodian/Public/images/home/images/0.png
INFO: [ app_init ] --START--
INFO: Run Behavior\BuildLiteBehavior [ RunTime:0.000031s ]
INFO: [ app_init ] --END-- [ RunTime:0.000182s ]

[ 2016-02-26T17:59:39+08:00 ] 127.0.0.1 /yaodian/Public/js/bootstrap.min.js
INFO: [ app_init ] --START--
INFO: Run Behavior\BuildLiteBehavior [ RunTime:0.000033s ]
INFO: [ app_init ] --END-- [ RunTime:0.000195s ]
INFO: [ app_begin ] --START--
INFO: Run Behavior\ReadHtmlCacheBehavior [ RunTime:0.000514s ]
INFO: [ app_begin ] --END-- [ RunTime:0.000621s ]
ERR: 无法加载控制器:Js

[ 2016-02-26T17:59:39+08:00 ] 127.0.0.1 /yaodian/Public/js/carousel.js
INFO: [ app_init ] --START--
INFO: Run Behavior\BuildLiteBehavior [ RunTime:0.000020s ]
INFO: [ app_init ] --END-- [ RunTime:0.000131s ]
INFO: [ app_begin ] --START--
INFO: Run Behavior\ReadHtmlCacheBehavior [ RunTime:0.000749s ]
INFO: [ app_begin ] --END-- [ RunTime:0.000906s ]
ERR: 无法加载控制器:Js

[ 2016-02-26T17:59:39+08:00 ] 127.0.0.1 /yaodian/Public/js/jquery-2.1.3.min.js
INFO: [ app_init ] --START--
INFO: Run Behavior\BuildLiteBehavior [ RunTime:0.000033s ]
INFO: [ app_init ] --END-- [ RunTime:0.000186s ]
INFO: [ app_begin ] --START--
INFO: Run Behavior\ReadHtmlCacheBehavior [ RunTime:0.000893s ]
INFO: [ app_begin ] --END-- [ RunTime:0.001018s ]
ERR: 无法加载控制器:Js

[ 2016-02-26T17:59:39+08:00 ] 127.0.0.1 /yaodian/Public/css/bootstrap.min.css
INFO: [ app_init ] --START--
INFO: Run Behavior\BuildLiteBehavior [ RunTime:0.000031s ]
INFO: [ app_init ] --END-- [ RunTime:0.000190s ]
INFO: [ app_begin ] --START--
INFO: Run Behavior\ReadHtmlCacheBehavior [ RunTime:0.001317s ]
INFO: [ app_begin ] --END-- [ RunTime:0.001710s ]
ERR: 无法加载控制器:Css

[ 2016-02-26T17:59:39+08:00 ] 127.0.0.1 /yaodian/Public/images/home/images/1.png
INFO: [ app_init ] --START--
INFO: Run Behavior\BuildLiteBehavior [ RunTime:0.000023s ]
INFO: [ app_init ] --END-- [ RunTime:0.000124s ]

[ 2016-02-26T17:59:39+08:00 ] 127.0.0.1 /yaodian/Public/images/home/images/2.png
INFO: [ app_init ] --START--
INFO: Run Behavior\BuildLiteBehavior [ RunTime:0.000035s ]
INFO: [ app_init ] --END-- [ RunTime:0.000227s ]

[ 2016-02-26T17:59:39+08:00 ] 127.0.0.1 /yaodian/Public/images/home/images/0.png
INFO: [ app_init ] --START--
INFO: Run Behavior\BuildLiteBehavior [ RunTime:0.000033s ]
INFO: [ app_init ] --END-- [ RunTime:0.000188s ]

[ 2016-02-26T17:59:55+08:00 ] 127.0.0.1 /yaodian/Public/images/home/images/0.png
INFO: [ app_init ] --START--
INFO: Run Behavior\BuildLiteBehavior [ RunTime:0.000021s ]
INFO: [ app_init ] --END-- [ RunTime:0.000128s ]

[ 2016-02-26T18:00:00+08:00 ] 127.0.0.1 /yaodian/Public/images/home/images/1.png
INFO: [ app_init ] --START--
INFO: Run Behavior\BuildLiteBehavior [ RunTime:0.000067s ]
INFO: [ app_init ] --END-- [ RunTime:0.000365s ]

[ 2016-02-26T18:00:12+08:00 ] 127.0.0.1 /yaodian/Public/images/home/images/1.png
INFO: [ app_init ] --START--
INFO: Run Behavior\BuildLiteBehavior [ RunTime:0.000023s ]
INFO: [ app_init ] --END-- [ RunTime:0.000150s ]

[ 2016-02-26T18:01:30+08:00 ] 127.0.0.1 /yaodian/Public/css/bootstrap.min.css
INFO: [ app_init ] --START--
INFO: Run Behavior\BuildLiteBehavior [ RunTime:0.000083s ]
INFO: [ app_init ] --END-- [ RunTime:0.000455s ]
INFO: [ app_begin ] --START--
INFO: Run Behavior\ReadHtmlCacheBehavior [ RunTime:0.002003s ]
INFO: [ app_begin ] --END-- [ RunTime:0.002175s ]
ERR: 无法加载控制器:Css

[ 2016-02-26T18:01:30+08:00 ] 127.0.0.1 /yaodian/Public/images/home/images/0.png
INFO: [ app_init ] --START--
INFO: Run Behavior\BuildLiteBehavior [ RunTime:0.000024s ]
INFO: [ app_init ] --END-- [ RunTime:0.000129s ]

[ 2016-02-26T18:01:30+08:00 ] 127.0.0.1 /yaodian/Public/js/jquery-2.1.3.min.js
INFO: [ app_init ] --START--
INFO: Run Behavior\BuildLiteBehavior [ RunTime:0.000034s ]
INFO: [ app_init ] --END-- [ RunTime:0.000190s ]
INFO: [ app_begin ] --START--
INFO: Run Behavior\ReadHtmlCacheBehavior [ RunTime:0.001128s ]
INFO: [ app_begin ] --END-- [ RunTime:0.001301s ]
ERR: 无法加载控制器:Js

[ 2016-02-26T18:01:30+08:00 ] 127.0.0.1 /yaodian/Public/js/carousel.js
INFO: [ app_init ] --START--
INFO: Run Behavior\BuildLiteBehavior [ RunTime:0.000034s ]
INFO: [ app_init ] --END-- [ RunTime:0.000194s ]
INFO: [ app_begin ] --START--
INFO: Run Behavior\ReadHtmlCacheBehavior [ RunTime:0.001212s ]
INFO: [ app_begin ] --END-- [ RunTime:0.001392s ]
ERR: 无法加载控制器:Js

[ 2016-02-26T18:01:30+08:00 ] 127.0.0.1 /yaodian/Public/js/bootstrap.min.js
INFO: [ app_init ] --START--
INFO: Run Behavior\BuildLiteBehavior [ RunTime:0.000020s ]
INFO: [ app_init ] --END-- [ RunTime:0.000125s ]
INFO: [ app_begin ] --START--
INFO: Run Behavior\ReadHtmlCacheBehavior [ RunTime:0.001127s ]
INFO: [ app_begin ] --END-- [ RunTime:0.001264s ]
ERR: 无法加载控制器:Js

[ 2016-02-26T18:01:30+08:00 ] 127.0.0.1 /yaodian/Public/images/home/images/1.png
INFO: [ app_init ] --START--
INFO: Run Behavior\BuildLiteBehavior [ RunTime:0.000023s ]
INFO: [ app_init ] --END-- [ RunTime:0.000131s ]

[ 2016-02-26T18:01:30+08:00 ] 127.0.0.1 /yaodian/Public/images/home/images/2.png
INFO: [ app_init ] --START--
INFO: Run Behavior\BuildLiteBehavior [ RunTime:0.000038s ]
INFO: [ app_init ] --END-- [ RunTime:0.000220s ]

[ 2016-02-26T18:01:30+08:00 ] 127.0.0.1 /yaodian/Public/images/home/images/1.png
INFO: [ app_init ] --START--
INFO: Run Behavior\BuildLiteBehavior [ RunTime:0.000035s ]
INFO: [ app_init ] --END-- [ RunTime:0.000193s ]

[ 2016-02-26T18:01:30+08:00 ] 127.0.0.1 /yaodian/Public/images/home/images/0.png
INFO: [ app_init ] --START--
INFO: Run Behavior\BuildLiteBehavior [ RunTime:0.000032s ]
INFO: [ app_init ] --END-- [ RunTime:0.000213s ]

[ 2016-02-26T18:01:35+08:00 ] 127.0.0.1 /yaodian/Public/search/search.html
INFO: [ app_init ] --START--
INFO: Run Behavior\BuildLiteBehavior [ RunTime:0.000039s ]
INFO: [ app_init ] --END-- [ RunTime:0.000210s ]
INFO: [ app_begin ] --START--
INFO: Run Behavior\ReadHtmlCacheBehavior [ RunTime:0.001241s ]
INFO: [ app_begin ] --END-- [ RunTime:0.001393s ]
ERR: 无法加载控制器:Search

[ 2016-02-26T18:01:57+08:00 ] 127.0.0.1 /yaodian/Public/search/search.html
INFO: [ app_init ] --START--
INFO: Run Behavior\BuildLiteBehavior [ RunTime:0.000019s ]
INFO: [ app_init ] --END-- [ RunTime:0.000113s ]
INFO: [ app_begin ] --START--
INFO: Run Behavior\ReadHtmlCacheBehavior [ RunTime:0.000777s ]
INFO: [ app_begin ] --END-- [ RunTime:0.000923s ]
ERR: 无法加载控制器:Search

[ 2016-02-26T18:02:01+08:00 ] 127.0.0.1 /yaodian/Public/css/bootstrap.min.css
INFO: [ app_init ] --START--
INFO: Run Behavior\BuildLiteBehavior [ RunTime:0.000045s ]
INFO: [ app_init ] --END-- [ RunTime:0.000393s ]
INFO: [ app_begin ] --START--
INFO: Run Behavior\ReadHtmlCacheBehavior [ RunTime:0.001014s ]
INFO: [ app_begin ] --END-- [ RunTime:0.001143s ]
ERR: 无法加载控制器:Css

[ 2016-02-26T18:02:01+08:00 ] 127.0.0.1 /yaodian/Public/images/home/images/0.png
INFO: [ app_init ] --START--
INFO: Run Behavior\BuildLiteBehavior [ RunTime:0.000033s ]
INFO: [ app_init ] --END-- [ RunTime:0.000191s ]

[ 2016-02-26T18:02:01+08:00 ] 127.0.0.1 /yaodian/Public/js/bootstrap.min.js
INFO: [ app_init ] --START--
INFO: Run Behavior\BuildLiteBehavior [ RunTime:0.000032s ]
INFO: [ app_init ] --END-- [ RunTime:0.000178s ]
INFO: [ app_begin ] --START--
INFO: Run Behavior\ReadHtmlCacheBehavior [ RunTime:0.000713s ]
INFO: [ app_begin ] --END-- [ RunTime:0.000871s ]
ERR: 无法加载控制器:Js

[ 2016-02-26T18:02:01+08:00 ] 127.0.0.1 /yaodian/Public/js/carousel.js
INFO: [ app_init ] --START--
INFO: Run Behavior\BuildLiteBehavior [ RunTime:0.000120s ]
INFO: [ app_init ] --END-- [ RunTime:0.000534s ]
INFO: [ app_begin ] --START--
INFO: Run Behavior\ReadHtmlCacheBehavior [ RunTime:0.001353s ]
INFO: [ app_begin ] --END-- [ RunTime:0.001502s ]
ERR: 无法加载控制器:Js

[ 2016-02-26T18:02:01+08:00 ] 127.0.0.1 /yaodian/Public/js/jquery-2.1.3.min.js
INFO: [ app_init ] --START--
INFO: Run Behavior\BuildLiteBehavior [ RunTime:0.000043s ]
INFO: [ app_init ] --END-- [ RunTime:0.000216s ]
INFO: [ app_begin ] --START--
INFO: Run Behavior\ReadHtmlCacheBehavior [ RunTime:0.001238s ]
INFO: [ app_begin ] --END-- [ RunTime:0.001380s ]
ERR: 无法加载控制器:Js

[ 2016-02-26T18:02:01+08:00 ] 127.0.0.1 /yaodian/Public/images/home/images/1.png
INFO: [ app_init ] --START--
INFO: Run Behavior\BuildLiteBehavior [ RunTime:0.000024s ]
INFO: [ app_init ] --END-- [ RunTime:0.000122s ]

[ 2016-02-26T18:02:01+08:00 ] 127.0.0.1 /yaodian/Public/images/home/images/2.png
INFO: [ app_init ] --START--
INFO: Run Behavior\BuildLiteBehavior [ RunTime:0.000035s ]
INFO: [ app_init ] --END-- [ RunTime:0.000215s ]

[ 2016-02-26T18:02:01+08:00 ] 127.0.0.1 /yaodian/Public/images/home/images/0.png
INFO: [ app_init ] --START--
INFO: Run Behavior\BuildLiteBehavior [ RunTime:0.000043s ]
INFO: [ app_init ] --END-- [ RunTime:0.000209s ]

[ 2016-02-26T18:02:06+08:00 ] 127.0.0.1 /yaodian/Public/search/searchResult.html
INFO: [ app_init ] --START--
INFO: Run Behavior\BuildLiteBehavior [ RunTime:0.000031s ]
INFO: [ app_init ] --END-- [ RunTime:0.000135s ]
INFO: [ app_begin ] --START--
INFO: Run Behavior\ReadHtmlCacheBehavior [ RunTime:0.000851s ]
INFO: [ app_begin ] --END-- [ RunTime:0.000950s ]
ERR: 无法加载控制器:Search

[ 2016-02-26T18:02:17+08:00 ] 127.0.0.1 /yaodian/Public/images/home/images/0.png
INFO: [ app_init ] --START--
INFO: Run Behavior\BuildLiteBehavior [ RunTime:0.000022s ]
INFO: [ app_init ] --END-- [ RunTime:0.000130s ]

[ 2016-02-26T18:03:07+08:00 ] 127.0.0.1 /yaodian/Public/images/home/images/0.png
INFO: [ app_init ] --START--
INFO: Run Behavior\BuildLiteBehavior [ RunTime:0.000019s ]
INFO: [ app_init ] --END-- [ RunTime:0.000152s ]

[ 2016-02-26T18:03:10+08:00 ] 127.0.0.1 /yaodian/Public/images/home/images/0.png
INFO: [ app_init ] --START--
INFO: Run Behavior\BuildLiteBehavior [ RunTime:0.000033s ]
INFO: [ app_init ] --END-- [ RunTime:0.000199s ]

[ 2016-02-26T18:03:10+08:00 ] 127.0.0.1 /yaodian/Public/js/bootstrap.min.js
INFO: [ app_init ] --START--
INFO: Run Behavior\BuildLiteBehavior [ RunTime:0.000064s ]
INFO: [ app_init ] --END-- [ RunTime:0.000216s ]
INFO: [ app_begin ] --START--
INFO: Run Behavior\ReadHtmlCacheBehavior [ RunTime:0.001439s ]
INFO: [ app_begin ] --END-- [ RunTime:0.001587s ]
ERR: 无法加载控制器:Js

[ 2016-02-26T18:03:10+08:00 ] 127.0.0.1 /yaodian/Public/js/carousel.js
INFO: [ app_init ] --START--
INFO: Run Behavior\BuildLiteBehavior [ RunTime:0.000031s ]
INFO: [ app_init ] --END-- [ RunTime:0.000187s ]
INFO: [ app_begin ] --START--
INFO: Run Behavior\ReadHtmlCacheBehavior [ RunTime:0.000757s ]
INFO: [ app_begin ] --END-- [ RunTime:0.000918s ]
ERR: 无法加载控制器:Js

[ 2016-02-26T18:03:10+08:00 ] 127.0.0.1 /yaodian/Public/js/jquery-2.1.3.min.js
INFO: [ app_init ] --START--
INFO: Run Behavior\BuildLiteBehavior [ RunTime:0.000039s ]
INFO: [ app_init ] --END-- [ RunTime:0.000196s ]
INFO: [ app_begin ] --START--
INFO: Run Behavior\ReadHtmlCacheBehavior [ RunTime:0.001614s ]
INFO: [ app_begin ] --END-- [ RunTime:0.001790s ]
ERR: 无法加载控制器:Js

[ 2016-02-26T18:03:10+08:00 ] 127.0.0.1 /yaodian/Public/css/bootstrap.min.css
INFO: [ app_init ] --START--
INFO: Run Behavior\BuildLiteBehavior [ RunTime:0.000032s ]
INFO: [ app_init ] --END-- [ RunTime:0.000211s ]
INFO: [ app_begin ] --START--
INFO: Run Behavior\ReadHtmlCacheBehavior [ RunTime:0.001553s ]
INFO: [ app_begin ] --END-- [ RunTime:0.001744s ]
ERR: 无法加载控制器:Css

[ 2016-02-26T18:03:10+08:00 ] 127.0.0.1 /yaodian/Public/images/home/images/1.png
INFO: [ app_init ] --START--
INFO: Run Behavior\BuildLiteBehavior [ RunTime:0.000023s ]
INFO: [ app_init ] --END-- [ RunTime:0.000141s ]

[ 2016-02-26T18:03:10+08:00 ] 127.0.0.1 /yaodian/Public/images/home/images/2.png
INFO: [ app_init ] --START--
INFO: Run Behavior\BuildLiteBehavior [ RunTime:0.000022s ]
INFO: [ app_init ] --END-- [ RunTime:0.000134s ]

[ 2016-02-26T18:03:10+08:00 ] 127.0.0.1 /yaodian/Public/images/home/images/0.png
INFO: [ app_init ] --START--
INFO: Run Behavior\BuildLiteBehavior [ RunTime:0.000051s ]
INFO: [ app_init ] --END-- [ RunTime:0.000358s ]

[ 2016-02-26T18:03:30+08:00 ] 127.0.0.1 /yaodian/Public/js/jquery-2.1.3.min.js
INFO: [ app_init ] --START--
INFO: Run Behavior\BuildLiteBehavior [ RunTime:0.000033s ]
INFO: [ app_init ] --END-- [ RunTime:0.000156s ]
INFO: [ app_begin ] --START--
INFO: Run Behavior\ReadHtmlCacheBehavior [ RunTime:0.001016s ]
INFO: [ app_begin ] --END-- [ RunTime:0.001168s ]
ERR: 无法加载控制器:Js

[ 2016-02-26T18:05:09+08:00 ] 127.0.0.1 /yaodian/Public/js/jquery-2.1.3.min.js
INFO: [ app_init ] --START--
INFO: Run Behavior\BuildLiteBehavior [ RunTime:0.000021s ]
INFO: [ app_init ] --END-- [ RunTime:0.000534s ]
INFO: [ app_begin ] --START--
INFO: Run Behavior\ReadHtmlCacheBehavior [ RunTime:0.000889s ]
INFO: [ app_begin ] --END-- [ RunTime:0.000978s ]
ERR: 无法加载控制器:Js

[ 2016-02-26T18:07:24+08:00 ] 127.0.0.1 /yaodian/Public/css/bootstrap.min.css
INFO: [ app_init ] --START--
INFO: Run Behavior\BuildLiteBehavior [ RunTime:0.000024s ]
INFO: [ app_init ] --END-- [ RunTime:0.000660s ]
INFO: [ app_begin ] --START--
INFO: Run Behavior\ReadHtmlCacheBehavior [ RunTime:0.001583s ]
INFO: [ app_begin ] --END-- [ RunTime:0.001794s ]
ERR: 无法加载控制器:Css

[ 2016-02-26T18:07:39+08:00 ] 127.0.0.1 /yaodian/Public/images/home/images/0.png
INFO: [ app_init ] --START--
INFO: Run Behavior\BuildLiteBehavior [ RunTime:0.000027s ]
INFO: [ app_init ] --END-- [ RunTime:0.000733s ]

[ 2016-02-26T18:11:38+08:00 ] 127.0.0.1 /yaodian/Public/css/bootstrap.min.css
INFO: [ app_init ] --START--
INFO: Run Behavior\BuildLiteBehavior [ RunTime:0.000037s ]
INFO: [ app_init ] --END-- [ RunTime:0.000871s ]
INFO: [ app_begin ] --START--
INFO: Run Behavior\ReadHtmlCacheBehavior [ RunTime:0.002217s ]
INFO: [ app_begin ] --END-- [ RunTime:0.002527s ]
ERR: 无法加载控制器:Css

[ 2016-02-26T18:11:38+08:00 ] 127.0.0.1 /yaodian/Public/images/home/0.png
INFO: [ app_init ] --START--
INFO: Run Behavior\BuildLiteBehavior [ RunTime:0.000033s ]
INFO: [ app_init ] --END-- [ RunTime:0.000851s ]

[ 2016-02-26T18:11:38+08:00 ] 127.0.0.1 /yaodian/Public/js/carousel.js
INFO: [ app_init ] --START--
INFO: Run Behavior\BuildLiteBehavior [ RunTime:0.000036s ]
INFO: [ app_init ] --END-- [ RunTime:0.001413s ]
INFO: [ app_begin ] --START--
INFO: Run Behavior\ReadHtmlCacheBehavior [ RunTime:0.001023s ]
INFO: [ app_begin ] --END-- [ RunTime:0.001157s ]
ERR: 无法加载控制器:Js

[ 2016-02-26T18:11:38+08:00 ] 127.0.0.1 /yaodian/Public/js/bootstrap.min.js
INFO: [ app_init ] --START--
INFO: Run Behavior\BuildLiteBehavior [ RunTime:0.000034s ]
INFO: [ app_init ] --END-- [ RunTime:0.001553s ]
INFO: [ app_begin ] --START--
INFO: Run Behavior\ReadHtmlCacheBehavior [ RunTime:0.001108s ]
INFO: [ app_begin ] --END-- [ RunTime:0.001245s ]
ERR: 无法加载控制器:Js

[ 2016-02-26T18:11:38+08:00 ] 127.0.0.1 /yaodian/Public/images/home/1.png
INFO: [ app_init ] --START--
INFO: Run Behavior\BuildLiteBehavior [ RunTime:0.000031s ]
INFO: [ app_init ] --END-- [ RunTime:0.000925s ]

]
INFO: [ app_begin ] --START--
INFO: Run Behavior\ReadHtmlCacheBehavior [ RunTime:0.001148s ]
INFO: [ app_begin ] --END-- [ RunTime:0.001314s ]
ERR: 无法加载控制器:Js

[ 2016-02-26T18:11:38+08:00 ] 127.0.0.1 /yaodian/Public/images/home/%E5%88%86%E7%B1%BB.png
INFO: [ app_init ] --START--
INFO: Run Behavior\BuildLiteBehavior [ RunTime:0.000036s ]
INFO: [ app_init ] --END-- [ RunTime:0.000666s ]

[ 2016-02-26T18:11:38+08:00 ] 127.0.0.1 /yaodian/Public/images/home/2.png
INFO: [ app_init ] --START--
INFO: Run Behavior\BuildLiteBehavior [ RunTime:0.000032s ]
INFO: [ app_init ] --END-- [ RunTime:0.000643s ]

[ 2016-02-26T18:11:38+08:00 ] 127.0.0.1 /yaodian/Public/images/home/%E8%B4%AD%E7%89%A9%E8%BD%A6.png
INFO: [ app_init ] --START--
INFO: Run Behavior\BuildLiteBehavior [ RunTime:0.000037s ]
INFO: [ app_init ] --END-- [ RunTime:0.000664s ]

[ 2016-02-26T18:11:38+08:00 ] 127.0.0.1 /yaodian/Public/images/home/%E6%88%91%E7%9A%84.png
INFO: [ app_init ] --START--
INFO: Run Behavior\BuildLiteBehavior [ RunTime:0.000032s ]
INFO: [ app_init ] --END-- [ RunTime:0.000632s ]

[ 2016-02-26T18:11:38+08:00 ] 127.0.0.1 /yaodian/Public/images/home/%E5%AE%B6%E5%BA%AD%E5%B8%B8%E5%A4%87.png
INFO: [ app_init ] --START--
INFO: Run Behavior\BuildLiteBehavior [ RunTime:0.000026s ]
INFO: [ app_init ] --END-- [ RunTime:0.000685s ]

[ 2016-02-26T18:11:38+08:00 ] 127.0.0.1 /yaodian/Public/images/home/%E6%80%A5%E9%9C%80%E8%B4%AD%E8%8D%AF.png
INFO: [ app_init ] --START--
INFO: Run Behavior\BuildLiteBehavior [ RunTime:0.000025s ]
INFO: [ app_init ] --END-- [ RunTime:0.000480s ]

[ 2016-02-26T18:11:39+08:00 ] 127.0.0.1 /yaodian/Public/images/home/%E5%84%BF%E7%AB%A5%E7%94%A8%E8%8D%AF.png
INFO: [ app_init ] --START--
INFO: Run Behavior\BuildLiteBehavior [ RunTime:0.000021s ]
INFO: [ app_init ] --END-- [ RunTime:0.000488s ]

[ 2016-02-26T18:11:39+08:00 ] 127.0.0.1 /yaodian/Public/images/home/%E7%9A%AE%E8%82%A4%E7%94%A8%E8%8D%AF.png
INFO: [ app_init ] --START--
INFO: Run Behavior\BuildLiteBehavior [ RunTime:0.000024s ]
INFO: [ app_init ] --END-- [ RunTime:0.000615s ]

[ 2016-02-26T18:11:39+08:00 ] 127.0.0.1 /yaodian/Public/images/home/%E8%90%A5%E5%85%BB%E4%BF%9D%E5%81%A5.png
INFO: [ app_init ] --START--
INFO: Run Behavior\BuildLiteBehavior [ RunTime:0.000033s ]
INFO: [ app_init ] --END-- [ RunTime:0.000653s ]

[ 2016-02-26T18:11:39+08:00 ] 127.0.0.1 /yaodian/Public/images/home/%E9%AB%98%E8%A1%80%E5%8E%8B.png
INFO: [ app_init ] --START--
INFO: Run Behavior\BuildLiteBehavior [ RunTime:0.000021s ]
INFO: [ app_init ] --END-- [ RunTime:0.000438s ]

[ 2016-02-26T18:11:39+08:00 ] 127.0.0.1 /yaodian/Public/images/home/%E8%82%A0%E8%83%83%E7%94%A8%E8%8D%AF.png
INFO: [ app_init ] --START--
INFO: Run Behavior\BuildLiteBehavior [ RunTime:0.000032s ]
INFO: [ app_init ] --END-- [ RunTime:0.000737s ]

[ 2016-02-26T18:11:39+08:00 ] 127.0.0.1 /yaodian/Public/images/home/%E6%BB%8B%E8%A1%A5%E8%A1%A5%E7%9B%8A.png
INFO: [ app_init ] --START--
INFO: Run Behavior\BuildLiteBehavior [ RunTime:0.000031s ]
INFO: [ app_init ] --END-- [ RunTime:0.000561s ]

[ 2016-02-26T18:11:39+08:00 ] 127.0.0.1 /yaodian/Public/images/home/%E5%A6%87%E7%A7%91%E7%94%A8%E8%8D%AF.png
INFO: [ app_init ] --START--
INFO: Run Behavior\BuildLiteBehavior [ RunTime:0.000024s ]
INFO: [ app_init ] --END-- [ RunTime:0.000508s ]

[ 2016-02-26T18:11:39+08:00 ] 127.0.0.1 /yaodian/Public/images/home/0.png
INFO: [ app_init ] --START--
INFO: Run Behavior\BuildLiteBehavior [ RunTime:0.000039s ]
INFO: [ app_init ] --END-- [ RunTime:0.000720s ]

[ 2016-02-26T18:11:39+08:00 ] 127.0.0.1 /yaodian/Public/images/home/%E7%94%B7%E7%A7%91%E7%94%A8%E8%8D%AF.png
INFO: [ app_init ] --START--
INFO: Run Behavior\BuildLiteBehavior [ RunTime:0.000029s ]
INFO: [ app_init ] --END-- [ RunTime:0.000921s ]

[ 2016-02-26T18:11:39+08:00 ] 127.0.0.1 /yaodian/Public/images/home/%E6%84%9F%E5%86%92%E7%94%A8%E8%8D%AF.png
INFO: [ app_init ] --START--
INFO: Run Behavior\BuildLiteBehavior [ RunTime:0.000023s ]
INFO: [ app_init ] --END-- [ RunTime:0.000414s ]

[ 2016-02-26T18:11:39+08:00 ] 127.0.0.1 /yaodian/Public/images/home/%E6%80%A7%E7%A6%8F%E7%94%9F%E6%B4%BB.png
INFO: [ app_init ] --START--
INFO: Run Behavior\BuildLiteBehavior [ RunTime:0.000025s ]
INFO: [ app_init ] --END-- [ RunTime:0.000530s ]

[ 2016-02-26T18:11:39+08:00 ] 127.0.0.1 /yaodian/Public/images/home/%E5%AE%B6%E5%BA%AD%E5%B8%B8%E5%A4%87logo.png
INFO: [ app_init ] --START--
INFO: Run Behavior\BuildLiteBehavior [ RunTime:0.000030s ]
INFO: [ app_init ] --END-- [ RunTime:0.000499s ]

[ 2016-02-26T18:11:39+08:00 ] 127.0.0.1 /yaodian/Public/images/home/%E6%B8%85%E7%83%AD%E8%A7%A3%E6%AF%92.png
INFO: [ app_init ] --START--
INFO: Run Behavior\BuildLiteBehavior [ RunTime:0.000036s ]
INFO: [ app_init ] --END-- [ RunTime:0.000679s ]

[ 2016-02-26T18:11:39+08:00 ] 127.0.0.1 /yaodian/Public/images/home/%E9%A3%8E%E6%B9%BF%E9%AA%A8%E4%BC%A4.png
INFO: [ app_init ] --START--
INFO: Run Behavior\BuildLiteBehavior [ RunTime:0.000032s ]
INFO: [ app_init ] --END-- [ RunTime:0.000561s ]

[ 2016-02-26T18:11:39+08:00 ] 127.0.0.1 /yaodian/Public/images/home/%E4%BA%94%E5%AE%98%E7%94%A8%E8%8D%AF.png
INFO: [ app_init ] --START--
INFO: Run Behavior\BuildLiteBehavior [ RunTime:0.000021s ]
INFO: [ app_init ] --END-- [ RunTime:0.000444s ]

[ 2016-02-26T18:11:39+08:00 ] 127.0.0.1 /yaodian/Public/images/home/%E4%BC%98%E6%83%A0%E8%B4%AD%E8%8D%AF.png
INFO: [ app_init ] --START--
INFO: Run Behavior\BuildLiteBehavior [ RunTime:0.000035s ]
INFO: [ app_init ] --END-- [ RunTime:0.000826s ]

[ 2016-02-26T18:11:39+08:00 ] 127.0.0.1 /yaodian/Public/images/home/%E6%99%BA%E8%83%BD%E5%99%A8%E6%A2%B0.png
INFO: [ app_init ] --START--
INFO: Run Behavior\BuildLiteBehavior [ RunTime:0.000037s ]
INFO: [ app_init ] --END-- [ RunTime:0.000644s ]

[ 2016-02-26T18:11:39+08:00 ] 127.0.0.1 /yaodian/Public/images/home/%E5%A9%B4%E5%B9%BC%E7%94%A8%E5%93%81.png
INFO: [ app_init ] --START--
INFO: Run Behavior\BuildLiteBehavior [ RunTime:0.000037s ]
INFO: [ app_init ] --END-- [ RunTime:0.000631s ]

[ 2016-02-26T18:11:39+08:00 ] 127.0.0.1 /yaodian/Public/images/home/%E9%AB%98%E8%A1%80%E8%84%82.png
INFO: [ app_init ] --START--
INFO: Run Behavior\BuildLiteBehavior [ RunTime:0.000033s ]
INFO: [ app_init ] --END-- [ RunTime:0.000527s ]

[ 2016-02-26T18:11:39+08:00 ] 127.0.0.1 /yaodian/Public/images/home/%E7%B3%96%E5%B0%BF%E7%97%85.png
INFO: [ app_init ] --START--
INFO: Run Behavior\BuildLiteBehavior [ RunTime:0.000023s ]
INFO: [ app_init ] --END-- [ RunTime:0.000476s ]

[ 2016-02-26T18:11:46+08:00 ] 127.0.0.1 /yaodian/Public/images/home/2.png
INFO: [ app_init ] --START--
INFO: Run Behavior\BuildLiteBehavior [ RunTime:0.000041s ]
INFO: [ app_init ] --END-- [ RunTime:0.000716s ]

[ 2016-02-26T18:11:54+08:00 ] 127.0.0.1 /yaodian/Public/images/home/0.png
INFO: [ app_init ] --START--
INFO: Run Behavior\BuildLiteBehavior [ RunTime:0.000031s ]
INFO: [ app_init ] --END-- [ RunTime:0.000882s ]

[ 2016-02-26T18:12:18+08:00 ] ::1 /yaodian/Public/images/home/0.png
INFO: [ app_init ] --START--
INFO: Run Behavior\BuildLiteBehavior [ RunTime:0.000025s ]
INFO: [ app_init ] --END-- [ RunTime:0.000486s ]

[ 2016-02-26T18:16:01+08:00 ] 127.0.0.1 /yaodian/Public/images/home/0.png
INFO: [ app_init ] --START--
INFO: Run Behavior\BuildLiteBehavior [ RunTime:0.000021s ]
INFO: [ app_init ] --END-- [ RunTime:0.000576s ]

[ 2016-02-26T18:16:01+08:00 ] 127.0.0.1 /yaodian/Public/css/bootstrap.min.css
INFO: [ app_init ] --START--
INFO: Run Behavior\BuildLiteBehavior [ RunTime:0.000035s ]
INFO: [ app_init ] --END-- [ RunTime:0.000726s ]
INFO: [ app_begin ] --START--
INFO: Run Behavior\ReadHtmlCacheBehavior [ RunTime:0.000960s ]
INFO: [ app_begin ] --END-- [ RunTime:0.001137s ]
ERR: 无法加载控制器:Css

[ 2016-02-26T18:16:01+08:00 ] 127.0.0.1 /yaodian/Public/js/jquery-2.1.3.min.js
INFO: [ app_init ] --START--
INFO: Run Behavior\BuildLiteBehavior [ RunTime:0.000027s ]
INFO: [ app_init ] --END-- [ RunTime:0.000532s ]
INFO: [ app_begin ] --START--
INFO: Run Behavior\ReadHtmlCacheBehavior [ RunTime:0.000747s ]
INFO: [ app_begin ] --END-- [ RunTime:0.000898s ]
ERR: 无法加载控制器:Js

[ 2016-02-26T18:16:01+08:00 ] 127.0.0.1 /yaodian/Public/js/bootstrap.min.js
INFO: [ app_init ] --START--
INFO: Run Behavior\BuildLiteBehavior [ RunTime:0.000035s ]
INFO: [ app_init ] --END-- [ RunTime:0.000743s ]
INFO: [ app_begin ] --START--
INFO: Run Behavior\ReadHtmlCacheBehavior [ RunTime:0.000762s ]
INFO: [ app_begin ] --END-- [ RunTime:0.000924s ]
ERR: 无法加载控制器:Js

[ 2016-02-26T18:16:01+08:00 ] 127.0.0.1 /yaodian/Public/js/carousel.js
INFO: [ app_init ] --START--
INFO: Run Behavior\BuildLiteBehavior [ RunTime:0.000031s ]
INFO: [ app_init ] --END-- [ RunTime:0.000665s ]
INFO: [ app_begin ] --START--
INFO: Run Behavior\ReadHtmlCacheBehavior [ RunTime:0.001223s ]
INFO: [ app_begin ] --END-- [ RunTime:0.001376s ]
ERR: 无法加载控制器:Js

[ 2016-02-26T18:16:01+08:00 ] 127.0.0.1 /yaodian/Public/css/home.css
INFO: [ app_init ] --START--
INFO: Run Behavior\BuildLiteBehavior [ RunTime:0.000037s ]
INFO: [ app_init ] --END-- [ RunTime:0.000793s ]
INFO: [ app_begin ] --START--
INFO: Run Behavior\ReadHtmlCacheBehavior [ RunTime:0.001367s ]
INFO: [ app_begin ] --END-- [ RunTime:0.001502s ]
ERR: 无法加载控制器:Css

[ 2016-02-26T18:16:01+08:00 ] 127.0.0.1 /yaodian/Public/images/home/1.png
INFO: [ app_init ] --START--
INFO: Run Behavior\BuildLiteBehavior [ RunTime:0.000036s ]
INFO: [ app_init ] --END-- [ RunTime:0.000695s ]

[ 2016-02-26T18:16:01+08:00 ] 127.0.0.1 /yaodian/Public/images/home/%E6%88%91%E7%9A%84.png
INFO: [ app_init ] --START--
INFO: Run Behavior\BuildLiteBehavior [ RunTime:0.000036s ]
INFO: [ app_init ] --END-- [ RunTime:0.000690s ]

[ 2016-02-26T18:16:01+08:00 ] 127.0.0.1 /yaodian/Public/images/home/%E5%AE%B6%E5%BA%AD%E5%B8%B8%E5%A4%87.png
INFO: [ app_init ] --START--
INFO: Run Behavior\BuildLiteBehavior [ RunTime:0.000036s ]
INFO: [ app_init ] --END-- [ RunTime:0.000689s ]

[ 2016-02-26T18:16:01+08:00 ] 127.0.0.1 /yaodian/Public/images/home/2.png
INFO: [ app_init ] --START--
INFO: Run Behavior\BuildLiteBehavior [ RunTime:0.000035s ]
INFO: [ app_init ] --END-- [ RunTime:0.000850s ]

[ 2016-02-26T18:16:01+08:00 ] 127.0.0.1 /yaodian/Public/images/home/%E5%88%86%E7%B1%BB.png
INFO: [ app_init ] --START--
INFO: Run Behavior\BuildLiteBehavior [ RunTime:0.000032s ]
INFO: [ app_init ] --END-- [ RunTime:0.000725s ]

[ 2016-02-26T18:16:01+08:00 ] 127.0.0.1 /yaodian/Public/images/home/%E8%B4%AD%E7%89%A9%E8%BD%A6.png
INFO: [ app_init ] --START--
INFO: Run Behavior\BuildLiteBehavior [ RunTime:0.000050s ]
INFO: [ app_init ] --END-- [ RunTime:0.001340s ]

[ 2016-02-26T18:16:01+08:00 ] 127.0.0.1 /yaodian/Public/images/home/%E6%80%A5%E9%9C%80%E8%B4%AD%E8%8D%AF.png
INFO: [ app_init ] --START--
INFO: Run Behavior\BuildLiteBehavior [ RunTime:0.000277s ]
INFO: [ app_init ] --END-- [ RunTime:0.002526s ]

[ 2016-02-26T18:16:01+08:00 ] 127.0.0.1 /yaodian/Public/images/home/%E8%90%A5%E5%85%BB%E4%BF%9D%E5%81%A5.png
INFO: [ app_init ] --START--
INFO: Run Behavior\BuildLiteBehavior [ RunTime:0.000023s ]
INFO: [ app_init ] --END-- [ RunTime:0.000452s ]

[ 2016-02-26T18:16:01+08:00 ] 127.0.0.1 /yaodian/Public/images/home/%E7%9A%AE%E8%82%A4%E7%94%A8%E8%8D%AF.png
INFO: [ app_init ] --START--
INFO: Run Behavior\BuildLiteBehavior [ RunTime:0.000022s ]
INFO: [ app_init ] --END-- [ RunTime:0.000427s ]

[ 2016-02-26T18:16:01+08:00 ] 127.0.0.1 /yaodian/Public/images/home/%E7%B3%96%E5%B0%BF%E7%97%85.png
INFO: [ app_init ] --START--
INFO: Run Behavior\BuildLiteBehavior [ RunTime:0.000021s ]
INFO: [ app_init ] --END-- [ RunTime:0.000465s ]

[ 2016-02-26T18:16:01+08:00 ] 127.0.0.1 /yaodian/Public/images/home/%E5%84%BF%E7%AB%A5%E7%94%A8%E8%8D%AF.png
INFO: [ app_init ] --START--
INFO: Run Behavior\BuildLiteBehavior [ RunTime:0.000039s ]
INFO: [ app_init ] --END-- [ RunTime:0.000787s ]

[ 2016-02-26T18:16:01+08:00 ] 127.0.0.1 /yaodian/Public/images/home/%E9%AB%98%E8%A1%80%E5%8E%8B.png
INFO: [ app_init ] --START--
INFO: Run Behavior\BuildLiteBehavior [ RunTime:0.000049s ]
INFO: [ app_init ] --END-- [ RunTime:0.000831s ]

[ 2016-02-26T18:16:01+08:00 ] 127.0.0.1 /yaodian/Public/images/home/%E6%B8%85%E7%83%AD%E8%A7%A3%E6%AF%92.png
INFO: [ app_init ] --START--
INFO: Run Behavior\BuildLiteBehavior [ RunTime:0.000072s ]
INFO: [ app_init ] --END-- [ RunTime:0.001183s ]

[ 2016-02-26T18:16:01+08:00 ] 127.0.0.1 /yaodian/Public/images/home/0.png
INFO: [ app_init ] --START--
INFO: Run Behavior\BuildLiteBehavior [ RunTime:0.000096s ]
INFO: [ app_init ] --END-- [ RunTime:0.001391s ]

[ 2016-02-26T18:16:01+08:00 ] 127.0.0.1 /yaodian/Public/images/home/%E9%A3%8E%E6%B9%BF%E9%AA%A8%E4%BC%A4.png
INFO: [ app_init ] --START--
INFO: Run Behavior\BuildLiteBehavior [ RunTime:0.000036s ]
INFO: [ app_init ] --END-- [ RunTime:0.000683s ]

[ 2016-02-26T18:16:01+08:00 ] 127.0.0.1 /yaodian/Public/images/home/%E5%A6%87%E7%A7%91%E7%94%A8%E8%8D%AF.png
INFO: [ app_init ] --START--
INFO: Run Behavior\BuildLiteBehavior [ RunTime:0.000031s ]
INFO: [ app_init ] --END-- [ RunTime:0.000704s ]

[ 2016-02-26T18:16:01+08:00 ] 127.0.0.1 /yaodian/Public/images/home/%E4%BC%98%E6%83%A0%E8%B4%AD%E8%8D%AF.png
INFO: [ app_init ] --START--
INFO: Run Behavior\BuildLiteBehavior [ RunTime:0.000123s ]
INFO: [ app_init ] --END-- [ RunTime:0.001797s ]

[ 2016-02-26T18:16:01+08:00 ] 127.0.0.1 /yaodian/Public/images/home/%E6%80%A7%E7%A6%8F%E7%94%9F%E6%B4%BB.png
INFO: [ app_init ] --START--
INFO: Run Behavior\BuildLiteBehavior [ RunTime:0.000241s ]
INFO: [ app_init ] --END-- [ RunTime:0.001536s ]

[ 2016-02-26T18:16:01+08:00 ] 127.0.0.1 /yaodian/Public/images/home/%E8%82%A0%E8%83%83%E7%94%A8%E8%8D%AF.png
INFO: [ app_init ] --START--
INFO: Run Behavior\BuildLiteBehavior [ RunTime:0.000034s ]
INFO: [ app_init ] --END-- [ RunTime:0.000849s ]

[ 2016-02-26T18:16:01+08:00 ] 127.0.0.1 /yaodian/Public/images/home/%E5%AE%B6%E5%BA%AD%E5%B8%B8%E5%A4%87logo.png
INFO: [ app_init ] --START--
INFO: Run Behavior\BuildLiteBehavior [ RunTime:0.000036s ]
INFO: [ app_init ] --END-- [ RunTime:0.000675s ]

[ 2016-02-26T18:16:01+08:00 ] 127.0.0.1 /yaodian/Public/images/home/%E7%94%B7%E7%A7%91%E7%94%A8%E8%8D%AF.png
INFO: [ app_init ] --START--
INFO: Run Behavior\BuildLiteBehavior [ RunTime:0.000037s ]
INFO: [ app_init ] --END-- [ RunTime:0.001004s ]

[ 2016-02-26T18:16:01+08:00 ] 127.0.0.1 /yaodian/Public/images/home/%E6%84%9F%E5%86%92%E7%94%A8%E8%8D%AF.png
INFO: [ app_init ] --START--
INFO: Run Behavior\BuildLiteBehavior [ RunTime:0.000023s ]
INFO: [ app_init ] --END-- [ RunTime:0.000439s ]

[ 2016-02-26T18:16:01+08:00 ] 127.0.0.1 /yaodian/Public/images/home/%E6%BB%8B%E8%A1%A5%E8%A1%A5%E7%9B%8A.png
INFO: [ app_init ] --START--
INFO: Run Behavior\BuildLiteBehavior [ RunTime:0.000024s ]
INFO: [ app_init ] --END-- [ RunTime:0.000652s ]

[ 2016-02-26T18:16:01+08:00 ] 127.0.0.1 /yaodian/Public/images/home/%E4%BA%94%E5%AE%98%E7%94%A8%E8%8D%AF.png
INFO: [ app_init ] --START--
INFO: Run Behavior\BuildLiteBehavior [ RunTime:0.000022s ]
INFO: [ app_init ] --END-- [ RunTime:0.000488s ]

[ 2016-02-26T18:16:01+08:00 ] 127.0.0.1 /yaodian/Public/images/home/%E6%99%BA%E8%83%BD%E5%99%A8%E6%A2%B0.png
INFO: [ app_init ] --START--
INFO: Run Behavior\BuildLiteBehavior [ RunTime:0.000021s ]
INFO: [ app_init ] --END-- [ RunTime:0.000484s ]

[ 2016-02-26T18:16:01+08:00 ] 127.0.0.1 /yaodian/Public/images/home/%E5%A9%B4%E5%B9%BC%E7%94%A8%E5%93%81.png
INFO: [ app_init ] --START--
INFO: Run Behavior\BuildLiteBehavior [ RunTime:0.000020s ]
INFO: [ app_init ] --END-- [ RunTime:0.000435s ]

[ 2016-02-26T18:16:01+08:00 ] 127.0.0.1 /yaodian/Public/images/home/%E9%AB%98%E8%A1%80%E8%84%82.png
INFO: [ app_init ] --START--
INFO: Run Behavior\BuildLiteBehavior [ RunTime:0.000022s ]
INFO: [ app_init ] --END-- [ RunTime:0.000480s ]

[ 2016-02-26T18:16:04+08:00 ] 127.0.0.1 /yaodian/Public/images/home/0.png
INFO: [ app_init ] --START--
INFO: Run Behavior\BuildLiteBehavior [ RunTime:0.000036s ]
INFO: [ app_init ] --END-- [ RunTime:0.000723s ]

[ 2016-02-26T18:16:04+08:00 ] 127.0.0.1 /yaodian/Public/css/bootstrap.min.css
INFO: [ app_init ] --START--
INFO: Run Behavior\BuildLiteBehavior [ RunTime:0.000040s ]
INFO: [ app_init ] --END-- [ RunTime:0.000700s ]
INFO: [ app_begin ] --START--
INFO: Run Behavior\ReadHtmlCacheBehavior [ RunTime:0.000812s ]
INFO: [ app_begin ] --END-- [ RunTime:0.000964s ]
ERR: 无法加载控制器:Css

[ 2016-02-26T18:16:04+08:00 ] 127.0.0.1 /yaodian/Public/js/bootstrap.min.js
INFO: [ app_init ] --START--
INFO: Run Behavior\BuildLiteBehavior [ RunTime:0.000031s ]
INFO: [ app_init ] --END-- [ RunTime:0.000711s ]
INFO: [ app_begin ] --START--
INFO: Run Behavior\ReadHtmlCacheBehavior [ RunTime:0.000875s ]
INFO: [ app_begin ] --END-- [ RunTime:0.001037s ]
ERR: 无法加载控制器:Js

[ 2016-02-26T18:16:04+08:00 ] 127.0.0.1 /yaodian/Public/css/home.css
INFO: [ app_init ] --START--
INFO: Run Behavior\BuildLiteBehavior [ RunTime:0.000031s ]
INFO: [ app_init ] --END-- [ RunTime:0.000648s ]
INFO: [ app_begin ] --START--
INFO: Run Behavior\ReadHtmlCacheBehavior [ RunTime:0.001460s ]
INFO: [ app_begin ] --END-- [ RunTime:0.001654s ]
ERR: 无法加载控制器:Css

[ 2016-02-26T18:16:04+08:00 ] 127.0.0.1 /yaodian/Public/js/jquery-2.1.3.min.js
INFO: [ app_init ] --START--
INFO: Run Behavior\BuildLiteBehavior [ RunTime:0.000034s ]
INFO: [ app_init ] --END-- [ RunTime:0.000649s ]
INFO: [ app_begin ] --START--
INFO: Run Behavior\ReadHtmlCacheBehavior [ RunTime:0.001475s ]
INFO: [ app_begin ] --END-- [ RunTime:0.001645s ]
ERR: 无法加载控制器:Js

[ 2016-02-26T18:16:04+08:00 ] 127.0.0.1 /yaodian/Public/js/carousel.js
INFO: [ app_init ] --START--
INFO: Run Behavior\BuildLiteBehavior [ RunTime:0.000023s ]
INFO: [ app_init ] --END-- [ RunTime:0.001229s ]
INFO: [ app_begin ] --START--
INFO: Run Behavior\ReadHtmlCacheBehavior [ RunTime:0.000994s ]
INFO: [ app_begin ] --END-- [ RunTime:0.001136s ]
ERR: 无法加载控制器:Js

[ 2016-02-26T18:16:04+08:00 ] 127.0.0.1 /yaodian/Public/images/home/1.png
INFO: [ app_init ] --START--
INFO: Run Behavior\BuildLiteBehavior [ RunTime:0.000039s ]
INFO: [ app_init ] --END-- [ RunTime:0.000682s ]

[ 2016-02-26T18:16:04+08:00 ] 127.0.0.1 /yaodian/Public/images/home/%E5%AE%B6%E5%BA%AD%E5%B8%B8%E5%A4%87.png
INFO: [ app_init ] --START--
INFO: Run Behavior\BuildLiteBehavior [ RunTime:0.000024s ]
INFO: [ app_init ] --END-- [ RunTime:0.000660s ]

[ 2016-02-26T18:16:04+08:00 ] 127.0.0.1 /yaodian/Public/images/home/%E6%88%91%E7%9A%84.png
INFO: [ app_init ] --START--
INFO: Run Behavior\BuildLiteBehavior [ RunTime:0.000035s ]
INFO: [ app_init ] --END-- [ RunTime:0.000669s ]

[ 2016-02-26T18:16:04+08:00 ] 127.0.0.1 /yaodian/Public/images/home/%E5%88%86%E7%B1%BB.png
INFO: [ app_init ] --START--
INFO: Run Behavior\BuildLiteBehavior [ RunTime:0.000033s ]
INFO: [ app_init ] --END-- [ RunTime:0.000701s ]

[ 2016-02-26T18:16:04+08:00 ] 127.0.0.1 /yaodian/Public/images/home/2.png
INFO: [ app_init ] --START--
INFO: Run Behavior\BuildLiteBehavior [ RunTime:0.000035s ]
INFO: [ app_init ] --END-- [ RunTime:0.000831s ]

[ 2016-02-26T18:16:04+08:00 ] 127.0.0.1 /yaodian/Public/images/home/%E8%B4%AD%E7%89%A9%E8%BD%A6.png
INFO: [ app_init ] --START--
INFO: Run Behavior\BuildLiteBehavior [ RunTime:0.000040s ]
INFO: [ app_init ] --END-- [ RunTime:0.001106s ]

[ 2016-02-26T18:16:05+08:00 ] 127.0.0.1 /yaodian/Public/images/home/%E6%80%A5%E9%9C%80%E8%B4%AD%E8%8D%AF.png
INFO: [ app_init ] --START--
INFO: Run Behavior\BuildLiteBehavior [ RunTime:0.000024s ]
INFO: [ app_init ] --END-- [ RunTime:0.000586s ]

[ 2016-02-26T18:16:05+08:00 ] 127.0.0.1 /yaodian/Public/images/home/%E5%84%BF%E7%AB%A5%E7%94%A8%E8%8D%AF.png
INFO: [ app_init ] --START--
INFO: Run Behavior\BuildLiteBehavior [ RunTime:0.000036s ]
INFO: [ app_init ] --END-- [ RunTime:0.000760s ]

[ 2016-02-26T18:16:05+08:00 ] 127.0.0.1 /yaodian/Public/images/home/%E9%A3%8E%E6%B9%BF%E9%AA%A8%E4%BC%A4.png
INFO: [ app_init ] --START--
INFO: Run Behavior\BuildLiteBehavior [ RunTime:0.000036s ]
INFO: [ app_init ] --END-- [ RunTime:0.000784s ]

[ 2016-02-26T18:16:05+08:00 ] 127.0.0.1 /yaodian/Public/images/home/%E6%BB%8B%E8%A1%A5%E8%A1%A5%E7%9B%8A.png
INFO: [ app_init ] --START--
INFO: Run Behavior\BuildLiteBehavior [ RunTime:0.000039s ]
INFO: [ app_init ] --END-- [ RunTime:0.000699s ]

[ 2016-02-26T18:16:05+08:00 ] 127.0.0.1 /yaodian/Public/images/home/%E6%80%A7%E7%A6%8F%E7%94%9F%E6%B4%BB.png
INFO: [ app_init ] --START--
INFO: Run Behavior\BuildLiteBehavior [ RunTime:0.000038s ]
INFO: [ app_init ] --END-- [ RunTime:0.000857s ]

[ 2016-02-26T18:16:05+08:00 ] 127.0.0.1 /yaodian/Public/images/home/%E9%AB%98%E8%A1%80%E5%8E%8B.png
INFO: [ app_init ] --START--
INFO: Run Behavior\BuildLiteBehavior [ RunTime:0.000040s ]
INFO: [ app_init ] --END-- [ RunTime:0.000668s ]

[ 2016-02-26T18:16:05+08:00 ] 127.0.0.1 /yaodian/Public/images/home/%E6%B8%85%E7%83%AD%E8%A7%A3%E6%AF%92.png
INFO: [ app_init ] --START--
INFO: Run Behavior\BuildLiteBehavior [ RunTime:0.000062s ]
INFO: [ app_init ] --END-- [ RunTime:0.001207s ]

[ 2016-02-26T18:16:05+08:00 ] 127.0.0.1 /yaodian/Public/images/home/%E5%AE%B6%E5%BA%AD%E5%B8%B8%E5%A4%87logo.png
INFO: [ app_init ] --START--
INFO: Run Behavior\BuildLiteBehavior [ RunTime:0.000038s ]
INFO: [ app_init ] --END-- [ RunTime:0.000756s ]

[ 2016-02-26T18:16:05+08:00 ] 127.0.0.1 /yaodian/Public/images/home/0.png
INFO: [ app_init ] --START--
INFO: Run Behavior\BuildLiteBehavior [ RunTime:0.000024s ]
INFO: [ app_init ] --END-- [ RunTime:0.000647s ]

[ 2016-02-26T18:16:05+08:00 ] 127.0.0.1 /yaodian/Public/images/home/%E4%BC%98%E6%83%A0%E8%B4%AD%E8%8D%AF.png
INFO: [ app_init ] --START--
INFO: Run Behavior\BuildLiteBehavior [ RunTime:0.000033s ]
INFO: [ app_init ] --END-- [ RunTime:0.000654s ]

[ 2016-02-26T18:16:05+08:00 ] 127.0.0.1 /yaodian/Public/images/home/%E7%94%B7%E7%A7%91%E7%94%A8%E8%8D%AF.png
INFO: [ app_init ] --START--
INFO: Run Behavior\BuildLiteBehavior [ RunTime:0.000034s ]
INFO: [ app_init ] --END-- [ RunTime:0.000781s ]

[ 2016-02-26T18:16:05+08:00 ] 127.0.0.1 /yaodian/Public/images/home/%E8%90%A5%E5%85%BB%E4%BF%9D%E5%81%A5.png
INFO: [ app_init ] --START--
INFO: Run Behavior\BuildLiteBehavior [ RunTime:0.000091s ]
INFO: [ app_init ] --END-- [ RunTime:0.001310s ]

[ 2016-02-26T18:16:05+08:00 ] 127.0.0.1 /yaodian/Public/images/home/%E7%9A%AE%E8%82%A4%E7%94%A8%E8%8D%AF.png
INFO: [ app_init ] --START--
INFO: Run Behavior\BuildLiteBehavior [ RunTime:0.000023s ]
INFO: [ app_init ] --END-- [ RunTime:0.000497s ]

[ 2016-02-26T18:16:05+08:00 ] 127.0.0.1 /yaodian/Public/images/home/%E8%82%A0%E8%83%83%E7%94%A8%E8%8D%AF.png
INFO: [ app_init ] --START--
INFO: Run Behavior\BuildLiteBehavior [ RunTime:0.000022s ]
INFO: [ app_init ] --END-- [ RunTime:0.000447s ]

[ 2016-02-26T18:16:05+08:00 ] 127.0.0.1 /yaodian/Public/images/home/%E5%A6%87%E7%A7%91%E7%94%A8%E8%8D%AF.png
INFO: [ app_init ] --START--
INFO: Run Behavior\BuildLiteBehavior [ RunTime:0.000097s ]
INFO: [ app_init ] --END-- [ RunTime:0.001119s ]

[ 2016-02-26T18:16:05+08:00 ] 127.0.0.1 /yaodian/Public/images/home/%E4%BA%94%E5%AE%98%E7%94%A8%E8%8D%AF.png
INFO: [ app_init ] --START--
INFO: Run Behavior\BuildLiteBehavior [ RunTime:0.000021s ]
INFO: [ app_init ] --END-- [ RunTime:0.000429s ]

[ 2016-02-26T18:16:05+08:00 ] 127.0.0.1 /yaodian/Public/images/home/%E6%84%9F%E5%86%92%E7%94%A8%E8%8D%AF.png
INFO: [ app_init ] --START--
INFO: Run Behavior\BuildLiteBehavior [ RunTime:0.000022s ]
INFO: [ app_init ] --END-- [ RunTime:0.000513s ]

[ 2016-02-26T18:16:05+08:00 ] 127.0.0.1 /yaodian/Public/images/home/%E6%99%BA%E8%83%BD%E5%99%A8%E6%A2%B0.png
INFO: [ app_init ] --START--
INFO: Run Behavior\BuildLiteBehavior [ RunTime:0.000045s ]
INFO: [ app_init ] --END-- [ RunTime:0.000574s ]

[ 2016-02-26T18:16:05+08:00 ] 127.0.0.1 /yaodian/Public/images/home/%E9%AB%98%E8%A1%80%E8%84%82.png
INFO: [ app_init ] --START--
INFO: Run Behavior\BuildLiteBehavior [ RunTime:0.000020s ]
INFO: [ app_init ] --END-- [ RunTime:0.000488s ]

[ 2016-02-26T18:16:05+08:00 ] 127.0.0.1 /yaodian/Public/images/home/%E7%B3%96%E5%B0%BF%E7%97%85.png
INFO: [ app_init ] --START--
INFO: Run Behavior\BuildLiteBehavior [ RunTime:0.000022s ]
INFO: [ app_init ] --END-- [ RunTime:0.000474s ]

[ 2016-02-26T18:16:05+08:00 ] 127.0.0.1 /yaodian/Public/images/home/%E5%A9%B4%E5%B9%BC%E7%94%A8%E5%93%81.png
INFO: [ app_init ] --START--
INFO: Run Behavior\BuildLiteBehavior [ RunTime:0.000021s ]
INFO: [ app_init ] --END-- [ RunTime:0.000513s ]

[ 2016-02-26T18:16:15+08:00 ] 127.0.0.1 /yaodian/Public/images/home/0.png
INFO: [ app_init ] --START--
INFO: Run Behavior\BuildLiteBehavior [ RunTime:0.000073s ]
INFO: [ app_init ] --END-- [ RunTime:0.001028s ]

[ 2016-02-26T18:16:15+08:00 ] 127.0.0.1 /yaodian/Public/js/carousel.js
INFO: [ app_init ] --START--
INFO: Run Behavior\BuildLiteBehavior [ RunTime:0.000032s ]
INFO: [ app_init ] --END-- [ RunTime:0.000928s ]
INFO: [ app_begin ] --START--
INFO: Run Behavior\ReadHtmlCacheBehavior [ RunTime:0.000787s ]
INFO: [ app_begin ] --END-- [ RunTime:0.000945s ]
ERR: 无法加载控制器:Js

[ 2016-02-26T18:16:15+08:00 ] 127.0.0.1 /yaodian/Public/js/bootstrap.min.js
INFO: [ app_init ] --START--
INFO: Run Behavior\BuildLiteBehavior [ RunTime:0.000099s ]
INFO: [ app_init ] --END-- [ RunTime:0.001255s ]
INFO: [ app_begin ] --START--
INFO: Run Behavior\ReadHtmlCacheBehavior [ RunTime:0.000773s ]
INFO: [ app_begin ] --END-- [ RunTime:0.000939s ]
ERR: 无法加载控制器:Js

[ 2016-02-26T18:16:15+08:00 ] 127.0.0.1 /yaodian/Public/css/home.css
INFO: [ app_init ] --START--
INFO: Run Behavior\BuildLiteBehavior [ RunTime:0.000081s ]
INFO: [ app_init ] --END-- [ RunTime:0.001610s ]
INFO: [ app_begin ] --START--
INFO: Run Behavior\ReadHtmlCacheBehavior [ RunTime:0.000753s ]
INFO: [ app_begin ] --END-- [ RunTime:0.000974s ]
ERR: 无法加载控制器:Css

[ 2016-02-26T18:16:15+08:00 ] 127.0.0.1 /yaodian/Public/js/jquery-2.1.3.min.js
INFO: [ app_init ] --START--
INFO: Run Behavior\BuildLiteBehavior [ RunTime:0.000033s ]
INFO: [ app_init ] --END-- [ RunTime:0.000694s ]
INFO: [ app_begin ] --START--
INFO: Run Behavior\ReadHtmlCacheBehavior [ RunTime:0.000818s ]
INFO: [ app_begin ] --END-- [ RunTime:0.000985s ]
ERR: 无法加载控制器:Js

[ 2016-02-26T18:16:15+08:00 ] 127.0.0.1 /yaodian/Public/css/bootstrap.min.css
INFO: [ app_init ] --START--
INFO: Run Behavior\BuildLiteBehavior [ RunTime:0.000031s ]
INFO: [ app_init ] --END-- [ RunTime:0.000851s ]
INFO: [ app_begin ] --START--
INFO: Run Behavior\ReadHtmlCacheBehavior [ RunTime:0.000990s ]
INFO: [ app_begin ] --END-- [ RunTime:0.001108s ]
ERR: 无法加载控制器:Css

[ 2016-02-26T18:16:15+08:00 ] 127.0.0.1 /yaodian/Public/images/home/1.png
INFO: [ app_init ] --START--
INFO: Run Behavior\BuildLiteBehavior [ RunTime:0.000037s ]
INFO: [ app_init ] --END-- [ RunTime:0.000738s ]

[ 2016-02-26T18:16:15+08:00 ] 127.0.0.1 /yaodian/Public/images/home/%E5%AE%B6%E5%BA%AD%E5%B8%B8%E5%A4%87.png
INFO: [ app_init ] --START--
INFO: Run Behavior\BuildLiteBehavior [ RunTime:0.000066s ]
INFO: [ app_init ] --END-- [ RunTime:0.001203s ]

[ 2016-02-26T18:16:15+08:00 ] 127.0.0.1 /yaodian/Public/images/home/%E8%B4%AD%E7%89%A9%E8%BD%A6.png
INFO: [ app_init ] --START--
INFO: Run Behavior\BuildLiteBehavior [ RunTime:0.000038s ]
INFO: [ app_init ] --END-- [ RunTime:0.001257s ]

[ 2016-02-26T18:16:15+08:00 ] 127.0.0.1 /yaodian/Public/images/home/2.png
INFO: [ app_init ] --START--
INFO: Run Behavior\BuildLiteBehavior [ RunTime:0.000037s ]
INFO: [ app_init ] --END-- [ RunTime:0.000856s ]

[ 2016-02-26T18:16:15+08:00 ] 127.0.0.1 /yaodian/Public/images/home/%E6%88%91%E7%9A%84.png
INFO: [ app_init ] --START--
INFO: Run Behavior\BuildLiteBehavior [ RunTime:0.000040s ]
INFO: [ app_init ] --END-- [ RunTime:0.000996s ]

[ 2016-02-26T18:16:15+08:00 ] 127.0.0.1 /yaodian/Public/images/home/%E6%80%A5%E9%9C%80%E8%B4%AD%E8%8D%AF.png
INFO: [ app_init ] --START--
INFO: Run Behavior\BuildLiteBehavior [ RunTime:0.000104s ]
INFO: [ app_init ] --END-- [ RunTime:0.002821s ]

[ 2016-02-26T18:16:15+08:00 ] 127.0.0.1 /yaodian/Public/images/home/%E5%88%86%E7%B1%BB.png
INFO: [ app_init ] --START--
INFO: Run Behavior\BuildLiteBehavior [ RunTime:0.000049s ]
INFO: [ app_init ] --END-- [ RunTime:0.001426s ]

[ 2016-02-26T18:16:15+08:00 ] 127.0.0.1 /yaodian/Public/images/home/%E7%B3%96%E5%B0%BF%E7%97%85.png
INFO: [ app_init ] --START--
INFO: Run Behavior\BuildLiteBehavior [ RunTime:0.000025s ]
INFO: [ app_init ] --END-- [ RunTime:0.000460s ]

[ 2016-02-26T18:16:15+08:00 ] 127.0.0.1 /yaodian/Public/images/home/0.png
INFO: [ app_init ] --START--
INFO: Run Behavior\BuildLiteBehavior [ RunTime:0.000041s ]
INFO: [ app_init ] --END-- [ RunTime:0.000982s ]

[ 2016-02-26T18:16:15+08:00 ] 127.0.0.1 /yaodian/Public/images/home/%E4%BC%98%E6%83%A0%E8%B4%AD%E8%8D%AF.png
INFO: [ app_init ] --START--
INFO: Run Behavior\BuildLiteBehavior [ RunTime:0.000032s ]
INFO: [ app_init ] --END-- [ RunTime:0.000667s ]

[ 2016-02-26T18:16:15+08:00 ] 127.0.0.1 /yaodian/Public/images/home/%E9%A3%8E%E6%B9%BF%E9%AA%A8%E4%BC%A4.png
INFO: [ app_init ] --START--
INFO: Run Behavior\BuildLiteBehavior [ RunTime:0.000026s ]
INFO: [ app_init ] --END-- [ RunTime:0.000558s ]

[ 2016-02-26T18:16:15+08:00 ] 127.0.0.1 /yaodian/Public/images/home/%E5%AE%B6%E5%BA%AD%E5%B8%B8%E5%A4%87logo.png
INFO: [ app_init ] --START--
INFO: Run Behavior\BuildLiteBehavior [ RunTime:0.000038s ]
INFO: [ app_init ] --END-- [ RunTime:0.001071s ]

[ 2016-02-26T18:16:15+08:00 ] 127.0.0.1 /yaodian/Public/images/home/%E5%84%BF%E7%AB%A5%E7%94%A8%E8%8D%AF.png
INFO: [ app_init ] --START--
INFO: Run Behavior\BuildLiteBehavior [ RunTime:0.000039s ]
INFO: [ app_init ] --END-- [ RunTime:0.001092s ]

[ 2016-02-26T18:16:15+08:00 ] 127.0.0.1 /yaodian/Public/images/home/%E7%94%B7%E7%A7%91%E7%94%A8%E8%8D%AF.png
INFO: [ app_init ] --START--
INFO: Run Behavior\BuildLiteBehavior [ RunTime:0.000023s ]
INFO: [ app_init ] --END-- [ RunTime:0.000595s ]

[ 2016-02-26T18:16:15+08:00 ] 127.0.0.1 /yaodian/Public/images/home/%E6%80%A7%E7%A6%8F%E7%94%9F%E6%B4%BB.png
INFO: [ app_init ] --START--
INFO: Run Behavior\BuildLiteBehavior [ RunTime:0.000023s ]
INFO: [ app_init ] --END-- [ RunTime:0.000452s ]

[ 2016-02-26T18:16:15+08:00 ] 127.0.0.1 /yaodian/Public/images/home/%E6%84%9F%E5%86%92%E7%94%A8%E8%8D%AF.png
INFO: [ app_init ] --START--
INFO: Run Behavior\BuildLiteBehavior [ RunTime:0.000022s ]
INFO: [ app_init ] --END-- [ RunTime:0.000440s ]

[ 2016-02-26T18:16:15+08:00 ] 127.0.0.1 /yaodian/Public/images/home/%E7%9A%AE%E8%82%A4%E7%94%A8%E8%8D%AF.png
INFO: [ app_init ] --START--
INFO: Run Behavior\BuildLiteBehavior [ RunTime:0.000032s ]
INFO: [ app_init ] --END-- [ RunTime:0.000522s ]

[ 2016-02-26T18:16:15+08:00 ] 127.0.0.1 /yaodian/Public/images/home/%E8%82%A0%E8%83%83%E7%94%A8%E8%8D%AF.png
INFO: [ app_init ] --START--
INFO: Run Behavior\BuildLiteBehavior [ RunTime:0.000077s ]
INFO: [ app_init ] --END-- [ RunTime:0.000893s ]

[ 2016-02-26T18:16:16+08:00 ] 127.0.0.1 /yaodian/Public/images/home/%E5%A6%87%E7%A7%91%E7%94%A8%E8%8D%AF.png
INFO: [ app_init ] --START--
INFO: Run Behavior\BuildLiteBehavior [ RunTime:0.000037s ]
INFO: [ app_init ] --END-- [ RunTime:0.000668s ]

[ 2016-02-26T18:16:16+08:00 ] 127.0.0.1 /yaodian/Public/images/home/%E6%B8%85%E7%83%AD%E8%A7%A3%E6%AF%92.png
INFO: [ app_init ] --START--
INFO: Run Behavior\BuildLiteBehavior [ RunTime:0.000030s ]
INFO: [ app_init ] --END-- [ RunTime:0.000498s ]

[ 2016-02-26T18:16:16+08:00 ] 127.0.0.1 /yaodian/Public/images/home/%E4%BA%94%E5%AE%98%E7%94%A8%E8%8D%AF.png
INFO: [ app_init ] --START--
INFO: Run Behavior\BuildLiteBehavior [ RunTime:0.000022s ]
INFO: [ app_init ] --END-- [ RunTime:0.000430s ]

[ 2016-02-26T18:16:16+08:00 ] 127.0.0.1 /yaodian/Public/images/home/%E6%BB%8B%E8%A1%A5%E8%A1%A5%E7%9B%8A.png
INFO: [ app_init ] --START--
INFO: Run Behavior\BuildLiteBehavior [ RunTime:0.000023s ]
INFO: [ app_init ] --END-- [ RunTime:0.000932s ]

[ 2016-02-26T18:16:16+08:00 ] 127.0.0.1 /yaodian/Public/images/home/%E6%99%BA%E8%83%BD%E5%99%A8%E6%A2%B0.png
INFO: [ app_init ] --START--
INFO: Run Behavior\BuildLiteBehavior [ RunTime:0.000087s ]
INFO: [ app_init ] --END-- [ RunTime:0.001397s ]

[ 2016-02-26T18:16:16+08:00 ] 127.0.0.1 /yaodian/Public/images/home/%E5%A9%B4%E5%B9%BC%E7%94%A8%E5%93%81.png
INFO: [ app_init ] --START--
INFO: Run Behavior\BuildLiteBehavior [ RunTime:0.000021s ]
INFO: [ app_init ] --END-- [ RunTime:0.000517s ]

[ 2016-02-26T18:16:16+08:00 ] 127.0.0.1 /yaodian/Public/images/home/%E9%AB%98%E8%A1%80%E8%84%82.png
INFO: [ app_init ] --START--
INFO: Run Behavior\BuildLiteBehavior [ RunTime:0.000020s ]
INFO: [ app_init ] --END-- [ RunTime:0.000427s ]

[ 2016-02-26T18:16:44+08:00 ] 127.0.0.1 /yaodian/Public/css/bootstrap.min.css
INFO: [ app_init ] --START--
INFO: Run Behavior\BuildLiteBehavior [ RunTime:0.000025s ]
INFO: [ app_init ] --END-- [ RunTime:0.000614s ]
INFO: [ app_begin ] --START--
INFO: Run Behavior\ReadHtmlCacheBehavior [ RunTime:0.000773s ]
INFO: [ app_begin ] --END-- [ RunTime:0.000933s ]
ERR: 无法加载控制器:Css

[ 2016-02-26T18:19:34+08:00 ] 127.0.0.1 /yaodian/Public/css/bootstrap.min.css
INFO: [ app_init ] --START--
INFO: Run Behavior\BuildLiteBehavior [ RunTime:0.000027s ]
INFO: [ app_init ] --END-- [ RunTime:0.000489s ]
INFO: [ app_begin ] --START--
INFO: Run Behavior\ReadHtmlCacheBehavior [ RunTime:0.000782s ]
INFO: [ app_begin ] --END-- [ RunTime:0.000925s ]
ERR: 无法加载控制器:Css

[ 2016-02-26T18:19:34+08:00 ] 127.0.0.1 /yaodian/Public/css/home.css
INFO: [ app_init ] --START--
INFO: Run Behavior\BuildLiteBehavior [ RunTime:0.000022s ]
INFO: [ app_init ] --END-- [ RunTime:0.000610s ]
INFO: [ app_begin ] --START--
INFO: Run Behavior\ReadHtmlCacheBehavior [ RunTime:0.001018s ]
INFO: [ app_begin ] --END-- [ RunTime:0.001125s ]
ERR: 无法加载控制器:Css

[ 2016-02-26T18:19:34+08:00 ] 127.0.0.1 /yaodian/Public/js/bootstrap.min.js
INFO: [ app_init ] --START--
INFO: Run Behavior\BuildLiteBehavior [ RunTime:0.000023s ]
INFO: [ app_init ] --END-- [ RunTime:0.000532s ]
INFO: [ app_begin ] --START--
INFO: Run Behavior\ReadHtmlCacheBehavior [ RunTime:0.000615s ]
INFO: [ app_begin ] --END-- [ RunTime:0.000736s ]
ERR: 无法加载控制器:Js

[ 2016-02-26T18:19:34+08:00 ] 127.0.0.1 /yaodian/Public/js/jquery-2.1.3.min.js
INFO: [ app_init ] --START--
INFO: Run Behavior\BuildLiteBehavior [ RunTime:0.000039s ]
INFO: [ app_init ] --END-- [ RunTime:0.000815s ]
INFO: [ app_begin ] --START--
INFO: Run Behavior\ReadHtmlCacheBehavior [ RunTime:0.001531s ]
INFO: [ app_begin ] --END-- [ RunTime:0.001744s ]
ERR: 无法加载控制器:Js

[ 2016-02-26T18:19:34+08:00 ] 127.0.0.1 /yaodian/Public/images/home/0.png
INFO: [ app_init ] --START--
INFO: Run Behavior\BuildLiteBehavior [ RunTime:0.000021s ]
INFO: [ app_init ] --END-- [ RunTime:0.000528s ]

[ 2016-02-26T18:19:34+08:00 ] 127.0.0.1 /yaodian/Public/js/carousel.js
INFO: [ app_init ] --START--
INFO: Run Behavior\BuildLiteBehavior [ RunTime:0.000034s ]
INFO: [ app_init ] --END-- [ RunTime:0.000765s ]
INFO: [ app_begin ] --START--
INFO: Run Behavior\ReadHtmlCacheBehavior [ RunTime:0.000785s ]
INFO: [ app_begin ] --END-- [ RunTime:0.000889s ]
ERR: 无法加载控制器:Js

[ 2016-02-26T18:19:34+08:00 ] 127.0.0.1 /yaodian/Public/images/home/1.png
INFO: [ app_init ] --START--
INFO: Run Behavior\BuildLiteBehavior [ RunTime:0.000039s ]
INFO: [ app_init ] --END-- [ RunTime:0.000751s ]

[ 2016-02-26T18:19:34+08:00 ] 127.0.0.1 /yaodian/Public/images/home/%E8%B4%AD%E7%89%A9%E8%BD%A6.png
INFO: [ app_init ] --START--
INFO: Run Behavior\BuildLiteBehavior [ RunTime:0.000065s ]
INFO: [ app_init ] --END-- [ RunTime:0.001273s ]

[ 2016-02-26T18:19:34+08:00 ] 127.0.0.1 /yaodian/Public/images/home/2.png
INFO: [ app_init ] --START--
INFO: Run Behavior\BuildLiteBehavior [ RunTime:0.000036s ]
INFO: [ app_init ] --END-- [ RunTime:0.001425s ]

[ 2016-02-26T18:19:34+08:00 ] 127.0.0.1 /yaodian/Public/images/home/%E5%88%86%E7%B1%BB.png
INFO: [ app_init ] --START--
INFO: Run Behavior\BuildLiteBehavior [ RunTime:0.000039s ]
INFO: [ app_init ] --END-- [ RunTime:0.000781s ]

[ 2016-02-26T18:19:34+08:00 ] 127.0.0.1 /yaodian/Public/images/home/%E6%88%91%E7%9A%84.png
INFO: [ app_init ] --START--
INFO: Run Behavior\BuildLiteBehavior [ RunTime:0.000036s ]
INFO: [ app_init ] --END-- [ RunTime:0.001191s ]

[ 2016-02-26T18:19:34+08:00 ] 127.0.0.1 /yaodian/Public/images/home/%E5%AE%B6%E5%BA%AD%E5%B8%B8%E5%A4%87.png
INFO: [ app_init ] --START--
INFO: Run Behavior\BuildLiteBehavior [ RunTime:0.000039s ]
INFO: [ app_init ] --END-- [ RunTime:0.003011s ]

[ 2016-02-26T18:19:34+08:00 ] 127.0.0.1 /yaodian/Public/images/home/%E4%BC%98%E6%83%A0%E8%B4%AD%E8%8D%AF.png
INFO: [ app_init ] --START--
INFO: Run Behavior\BuildLiteBehavior [ RunTime:0.000041s ]
INFO: [ app_init ] --END-- [ RunTime:0.000688s ]

[ 2016-02-26T18:19:34+08:00 ] 127.0.0.1 /yaodian/Public/images/home/%E6%80%A5%E9%9C%80%E8%B4%AD%E8%8D%AF.png
INFO: [ app_init ] --START--
INFO: Run Behavior\BuildLiteBehavior [ RunTime:0.000041s ]
INFO: [ app_init ] --END-- [ RunTime:0.000653s ]

[ 2016-02-26T18:19:34+08:00 ] 127.0.0.1 /yaodian/Public/images/home/%E6%84%9F%E5%86%92%E7%94%A8%E8%8D%AF.png
INFO: [ app_init ] --START--
INFO: Run Behavior\BuildLiteBehavior [ RunTime:0.000032s ]
INFO: [ app_init ] --END-- [ RunTime:0.000632s ]

[ 2016-02-26T18:19:34+08:00 ] 127.0.0.1 /yaodian/Public/images/home/%E7%9A%AE%E8%82%A4%E7%94%A8%E8%8D%AF.png
INFO: [ app_init ] --START--
INFO: Run Behavior\BuildLiteBehavior [ RunTime:0.000034s ]
INFO: [ app_init ] --END-- [ RunTime:0.000631s ]

[ 2016-02-26T18:19:34+08:00 ] 127.0.0.1 /yaodian/Public/images/home/%E6%B8%85%E7%83%AD%E8%A7%A3%E6%AF%92.png
INFO: [ app_init ] --START--
INFO: Run Behavior\BuildLiteBehavior [ RunTime:0.000036s ]
INFO: [ app_init ] --END-- [ RunTime:0.000810s ]

[ 2016-02-26T18:19:34+08:00 ] 127.0.0.1 /yaodian/Public/images/home/%E5%A6%87%E7%A7%91%E7%94%A8%E8%8D%AF.png
INFO: [ app_init ] --START--
INFO: Run Behavior\BuildLiteBehavior [ RunTime:0.000035s ]
INFO: [ app_init ] --END-- [ RunTime:0.000949s ]

[ 2016-02-26T18:19:34+08:00 ] 127.0.0.1 /yaodian/Public/images/home/%E7%94%B7%E7%A7%91%E7%94%A8%E8%8D%AF.png
INFO: [ app_init ] --START--
INFO: Run Behavior\BuildLiteBehavior [ RunTime:0.000037s ]
INFO: [ app_init ] --END-- [ RunTime:0.000657s ]

[ 2016-02-26T18:19:34+08:00 ] 127.0.0.1 /yaodian/Public/images/home/%E6%80%A7%E7%A6%8F%E7%94%9F%E6%B4%BB.png
INFO: [ app_init ] --START--
INFO: Run Behavior\BuildLiteBehavior [ RunTime:0.000034s ]
INFO: [ app_init ] --END-- [ RunTime:0.000641s ]

[ 2016-02-26T18:19:34+08:00 ] 127.0.0.1 /yaodian/Public/images/home/%E8%82%A0%E8%83%83%E7%94%A8%E8%8D%AF.png
INFO: [ app_init ] --START--
INFO: Run Behavior\BuildLiteBehavior [ RunTime:0.000039s ]
INFO: [ app_init ] --END-- [ RunTime:0.001006s ]

[ 2016-02-26T18:19:34+08:00 ] 127.0.0.1 /yaodian/Public/images/home/%E5%84%BF%E7%AB%A5%E7%94%A8%E8%8D%AF.png
INFO: [ app_init ] --START--
INFO: Run Behavior\BuildLiteBehavior [ RunTime:0.000039s ]
INFO: [ app_init ] --END-- [ RunTime:0.001241s ]

[ 2016-02-26T18:19:34+08:00 ] 127.0.0.1 /yaodian/Public/images/home/%E6%BB%8B%E8%A1%A5%E8%A1%A5%E7%9B%8A.png
INFO: [ app_init ] --START--
INFO: Run Behavior\BuildLiteBehavior [ RunTime:0.000037s ]
INFO: [ app_init ] --END-- [ RunTime:0.001645s ]

[ 2016-02-26T18:19:34+08:00 ] 127.0.0.1 /yaodian/Public/images/home/%E9%AB%98%E8%A1%80%E8%84%82.png
INFO: [ app_init ] --START--
INFO: Run Behavior\BuildLiteBehavior [ RunTime:0.000040s ]
INFO: [ app_init ] --END-- [ RunTime:0.000690s ]

[ 2016-02-26T18:19:34+08:00 ] 127.0.0.1 /yaodian/Public/images/home/0.png
INFO: [ app_init ] --START--
INFO: Run Behavior\BuildLiteBehavior [ RunTime:0.000034s ]
INFO: [ app_init ] --END-- [ RunTime:0.000651s ]

[ 2016-02-26T18:19:34+08:00 ] 127.0.0.1 /yaodian/Public/images/home/%E7%B3%96%E5%B0%BF%E7%97%85.png
INFO: [ app_init ] --START--
INFO: Run Behavior\BuildLiteBehavior [ RunTime:0.000060s ]
INFO: [ app_init ] --END-- [ RunTime:0.000853s ]

[ 2016-02-26T18:19:34+08:00 ] 127.0.0.1 /yaodian/Public/images/home/%E9%A3%8E%E6%B9%BF%E9%AA%A8%E4%BC%A4.png
INFO: [ app_init ] --START--
INFO: Run Behavior\BuildLiteBehavior [ RunTime:0.000023s ]
INFO: [ app_init ] --END-- [ RunTime:0.000459s ]

[ 2016-02-26T18:19:34+08:00 ] 127.0.0.1 /yaodian/Public/images/home/%E5%AE%B6%E5%BA%AD%E5%B8%B8%E5%A4%87logo.png
INFO: [ app_init ] --START--
INFO: Run Behavior\BuildLiteBehavior [ RunTime:0.000025s ]
INFO: [ app_init ] --END-- [ RunTime:0.000717s ]

[ 2016-02-26T18:19:34+08:00 ] 127.0.0.1 /yaodian/Public/images/home/%E8%90%A5%E5%85%BB%E4%BF%9D%E5%81%A5.png
INFO: [ app_init ] --START--
INFO: Run Behavior\BuildLiteBehavior [ RunTime:0.000162s ]
INFO: [ app_init ] --END-- [ RunTime:0.001567s ]

[ 2016-02-26T18:19:34+08:00 ] 127.0.0.1 /yaodian/Public/images/home/%E5%A9%B4%E5%B9%BC%E7%94%A8%E5%93%81.png
INFO: [ app_init ] --START--
INFO: Run Behavior\BuildLiteBehavior [ RunTime:0.000036s ]
INFO: [ app_init ] --END-- [ RunTime:0.000647s ]

[ 2016-02-26T18:19:34+08:00 ] 127.0.0.1 /yaodian/Public/images/home/%E6%99%BA%E8%83%BD%E5%99%A8%E6%A2%B0.png
INFO: [ app_init ] --START--
INFO: Run Behavior\BuildLiteBehavior [ RunTime:0.000038s ]
INFO: [ app_init ] --END-- [ RunTime:0.000844s ]

[ 2016-02-26T18:19:34+08:00 ] 127.0.0.1 /yaodian/Public/images/home/%E9%AB%98%E8%A1%80%E5%8E%8B.png
INFO: [ app_init ] --START--
INFO: Run Behavior\BuildLiteBehavior [ RunTime:0.000095s ]
INFO: [ app_init ] --END-- [ RunTime:0.001500s ]

[ 2016-02-26T18:19:34+08:00 ] 127.0.0.1 /yaodian/Public/images/home/%E4%BA%94%E5%AE%98%E7%94%A8%E8%8D%AF.png
INFO: [ app_init ] --START--
INFO: Run Behavior\BuildLiteBehavior [ RunTime:0.000021s ]
INFO: [ app_init ] --END-- [ RunTime:0.000592s ]

[ 2016-02-26T18:19:58+08:00 ] 127.0.0.1 /yaodian/Public/css/bootstrap.min.css
INFO: [ app_init ] --START--
INFO: Run Behavior\BuildLiteBehavior [ RunTime:0.000038s ]
INFO: [ app_init ] --END-- [ RunTime:0.001211s ]
INFO: [ app_begin ] --START--
INFO: Run Behavior\ReadHtmlCacheBehavior [ RunTime:0.001808s ]
INFO: [ app_begin ] --END-- [ RunTime:0.002147s ]
ERR: 无法加载控制器:Css

[ 2016-02-26T18:32:36+08:00 ] 127.0.0.1 /yaodian/Public/categories/categories.html
INFO: [ app_init ] --START--
INFO: Run Behavior\BuildLiteBehavior [ RunTime:0.000021s ]
INFO: [ app_init ] --END-- [ RunTime:0.000547s ]
INFO: [ app_begin ] --START--
INFO: Run Behavior\ReadHtmlCacheBehavior [ RunTime:0.000736s ]
INFO: [ app_begin ] --END-- [ RunTime:0.000823s ]
ERR: 无法加载控制器:Categories

[ 2016-02-26T18:39:40+08:00 ] 127.0.0.1 /yaodian/Public/css/search.css
INFO: [ app_init ] --START--
INFO: Run Behavior\BuildLiteBehavior [ RunTime:0.000027s ]
INFO: [ app_init ] --END-- [ RunTime:0.000500s ]
INFO: [ app_begin ] --START--
INFO: Run Behavior\ReadHtmlCacheBehavior [ RunTime:0.000548s ]
INFO: [ app_begin ] --END-- [ RunTime:0.000648s ]
ERR: 无法加载控制器:Css

[ 2016-02-26T18:39:49+08:00 ] 127.0.0.1 /yaodian/Public/categories/categories.html
INFO: [ app_init ] --START--
INFO: Run Behavior\BuildLiteBehavior [ RunTime:0.000026s ]
INFO: [ app_init ] --END-- [ RunTime:0.000800s ]
INFO: [ app_begin ] --START--
INFO: Run Behavior\ReadHtmlCacheBehavior [ RunTime:0.000482s ]
INFO: [ app_begin ] --END-- [ RunTime:0.000598s ]
ERR: 无法加载控制器:Categories

[ 2016-02-26T18:41:57+08:00 ] 127.0.0.1 /yaodian/Public/categories/categories.html
INFO: [ app_init ] --START--
INFO: Run Behavior\BuildLiteBehavior [ RunTime:0.000033s ]
INFO: [ app_init ] --END-- [ RunTime:0.000445s ]
INFO: [ app_begin ] --START--
INFO: Run Behavior\ReadHtmlCacheBehavior [ RunTime:0.000539s ]
INFO: [ app_begin ] --END-- [ RunTime:0.000633s ]
ERR: 无法加载控制器:Categories

[ 2016-02-26T18:43:01+08:00 ] 127.0.0.1 /yaodian/Public/categories/categories.html
INFO: [ app_init ] --START--
INFO: Run Behavior\BuildLiteBehavior [ RunTime:0.000025s ]
INFO: [ app_init ] --END-- [ RunTime:0.000822s ]
INFO: [ app_begin ] --START--
INFO: Run Behavior\ReadHtmlCacheBehavior [ RunTime:0.001047s ]
INFO: [ app_begin ] --END-- [ RunTime:0.001162s ]
ERR: 无法加载控制器:Categories

[ 2016-02-26T18:43:04+08:00 ] 127.0.0.1 /yaodian/Public/categories/categories.html
INFO: [ app_init ] --START--
INFO: Run Behavior\BuildLiteBehavior [ RunTime:0.000037s ]
INFO: [ app_init ] --END-- [ RunTime:0.000695s ]
INFO: [ app_begin ] --START--
INFO: Run Behavior\ReadHtmlCacheBehavior [ RunTime:0.001431s ]
INFO: [ app_begin ] --END-- [ RunTime:0.001601s ]
ERR: 无法加载控制器:Categories

[ 2016-02-26T18:43:24+08:00 ] 127.0.0.1 /yaodian/Public/information/information.html
INFO: [ app_init ] --START--
INFO: Run Behavior\BuildLiteBehavior [ RunTime:0.000021s ]
INFO: [ app_init ] --END-- [ RunTime:0.000461s ]
INFO: [ app_begin ] --START--
INFO: Run Behavior\ReadHtmlCacheBehavior [ RunTime:0.000601s ]
INFO: [ app_begin ] --END-- [ RunTime:0.000693s ]
ERR: 无法加载控制器:Information

[ 2016-02-26T18:46:44+08:00 ] 127.0.0.1 /yaodian/Public/css/information.css
INFO: [ app_init ] --START--
INFO: Run Behavior\BuildLiteBehavior [ RunTime:0.000039s ]
INFO: [ app_init ] --END-- [ RunTime:0.000801s ]
INFO: [ app_begin ] --START--
INFO: Run Behavior\ReadHtmlCacheBehavior [ RunTime:0.000726s ]
INFO: [ app_begin ] --END-- [ RunTime:0.000884s ]
ERR: 无法加载控制器:Css

[ 2016-02-26T18:49:39+08:00 ] 127.0.0.1 /yaodian/Public/css/information.css
INFO: [ app_init ] --START--
INFO: Run Behavior\BuildLiteBehavior [ RunTime:0.000038s ]
INFO: [ app_init ] --END-- [ RunTime:0.000916s ]
INFO: [ app_begin ] --START--
INFO: Run Behavior\ReadHtmlCacheBehavior [ RunTime:0.001481s ]
INFO: [ app_begin ] --END-- [ RunTime:0.001806s ]
ERR: 无法加载控制器:Css

[ 2016-02-26T18:52:38+08:00 ] 127.0.0.1 /yaodian/Public/css/search.css
INFO: [ app_init ] --START--
INFO: Run Behavior\BuildLiteBehavior [ RunTime:0.000042s ]
INFO: [ app_init ] --END-- [ RunTime:0.000718s ]
INFO: [ app_begin ] --START--
INFO: Run Behavior\ReadHtmlCacheBehavior [ RunTime:0.000913s ]
INFO: [ app_begin ] --END-- [ RunTime:0.001082s ]
ERR: 无法加载控制器:Css

[ 2016-02-26T18:55:35+08:00 ] 127.0.0.1 /yaodian/Public/css/login.css
INFO: [ app_init ] --START--
INFO: Run Behavior\BuildLiteBehavior [ RunTime:0.000024s ]
INFO: [ app_init ] --END-- [ RunTime:0.000626s ]
INFO: [ app_begin ] --START--
INFO: Run Behavior\ReadHtmlCacheBehavior [ RunTime:0.000572s ]
INFO: [ app_begin ] --END-- [ RunTime:0.000679s ]
ERR: 无法加载控制器:Css

[ 2016-02-26T18:55:37+08:00 ] 127.0.0.1 /yaodian/Public/css/register.css
INFO: [ app_init ] --START--
INFO: Run Behavior\BuildLiteBehavior [ RunTime:0.000041s ]
INFO: [ app_init ] --END-- [ RunTime:0.000777s ]
INFO: [ app_begin ] --START--
INFO: Run Behavior\ReadHtmlCacheBehavior [ RunTime:0.001366s ]
INFO: [ app_begin ] --END-- [ RunTime:0.001555s ]
ERR: 无法加载控制器:Css

[ 2016-02-26T18:56:47+08:00 ] 127.0.0.1 /yaodian/Public/css/register.css
INFO: [ app_init ] --START--
INFO: Run Behavior\BuildLiteBehavior [ RunTime:0.000028s ]
INFO: [ app_init ] --END-- [ RunTime:0.000888s ]
INFO: [ app_begin ] --START--
INFO: Run Behavior\ReadHtmlCacheBehavior [ RunTime:0.001355s ]
INFO: [ app_begin ] --END-- [ RunTime:0.001547s ]
ERR: 无法加载控制器:Css

[ 2016-02-26T18:57:36+08:00 ] 127.0.0.1 /yaodian/Public/search/searchResult.html
INFO: [ app_init ] --START--
INFO: Run Behavior\BuildLiteBehavior [ RunTime:0.000026s ]
INFO: [ app_init ] --END-- [ RunTime:0.000670s ]
INFO: [ app_begin ] --START--
INFO: Run Behavior\ReadHtmlCacheBehavior [ RunTime:0.002486s ]
INFO: [ app_begin ] --END-- [ RunTime:0.002971s ]
ERR: 无法加载控制器:Search

[ 2016-02-26T19:03:46+08:00 ] 127.0.0.1 /yaodian/Public/css/detail.css
INFO: [ app_init ] --START--
INFO: Run Behavior\BuildLiteBehavior [ RunTime:0.000037s ]
INFO: [ app_init ] --END-- [ RunTime:0.000933s ]
INFO: [ app_begin ] --START--
INFO: Run Behavior\ReadHtmlCacheBehavior [ RunTime:0.001625s ]
INFO: [ app_begin ] --END-- [ RunTime:0.001841s ]
ERR: 无法加载控制器:Css

[ 2016-02-26T19:04:10+08:00 ] 127.0.0.1 /yaodian/Public/css/detail.css
INFO: [ app_init ] --START--
INFO: Run Behavior\BuildLiteBehavior [ RunTime:0.000043s ]
INFO: [ app_init ] --END-- [ RunTime:0.001645s ]
INFO: [ app_begin ] --START--
INFO: Run Behavior\ReadHtmlCacheBehavior [ RunTime:0.001075s ]
INFO: [ app_begin ] --END-- [ RunTime:0.001234s ]
ERR: 无法加载控制器:Css

[ 2016-02-26T19:04:34+08:00 ] 127.0.0.1 /yaodian/Public/css/detail.css
INFO: [ app_init ] --START--
INFO: Run Behavior\BuildLiteBehavior [ RunTime:0.000039s ]
INFO: [ app_init ] --END-- [ RunTime:0.000961s ]
INFO: [ app_begin ] --START--
INFO: Run Behavior\ReadHtmlCacheBehavior [ RunTime:0.000768s ]
INFO: [ app_begin ] --END-- [ RunTime:0.000888s ]
ERR: 无法加载控制器:Css

[ 2016-02-26T19:08:06+08:00 ] 127.0.0.1 /yaodian/Public/css/search.css
INFO: [ app_init ] --START--
INFO: Run Behavior\BuildLiteBehavior [ RunTime:0.000036s ]
INFO: [ app_init ] --END-- [ RunTime:0.000528s ]
INFO: [ app_begin ] --START--
INFO: Run Behavior\ReadHtmlCacheBehavior [ RunTime:0.000648s ]
INFO: [ app_begin ] --END-- [ RunTime:0.000758s ]
ERR: 无法加载控制器:Css

[ 2016-02-26T19:08:52+08:00 ] 127.0.0.1 /yaodian/Public/css/search.css
INFO: [ app_init ] --START--
INFO: Run Behavior\BuildLiteBehavior [ RunTime:0.000031s ]
INFO: [ app_init ] --END-- [ RunTime:0.000922s ]
INFO: [ app_begin ] --START--
INFO: Run Behavior\ReadHtmlCacheBehavior [ RunTime:0.000910s ]
INFO: [ app_begin ] --END-- [ RunTime:0.001053s ]
ERR: 无法加载控制器:Css

[ 2016-02-26T19:08:58+08:00 ] 127.0.0.1 /yaodian/Public/css/search.css
INFO: [ app_init ] --START--
INFO: Run Behavior\BuildLiteBehavior [ RunTime:0.000052s ]
INFO: [ app_init ] --END-- [ RunTime:0.002300s ]
INFO: [ app_begin ] --START--
INFO: Run Behavior\ReadHtmlCacheBehavior [ RunTime:0.000919s ]
INFO: [ app_begin ] --END-- [ RunTime:0.001105s ]
ERR: 无法加载控制器:Css

[ 2016-02-26T19:11:04+08:00 ] 127.0.0.1 /yaodian/Public/css/search.css
INFO: [ app_init ] --START--
INFO: Run Behavior\BuildLiteBehavior [ RunTime:0.000027s ]
INFO: [ app_init ] --END-- [ RunTime:0.000631s ]
INFO: [ app_begin ] --START--
INFO: Run Behavior\ReadHtmlCacheBehavior [ RunTime:0.000874s ]
INFO: [ app_begin ] --END-- [ RunTime:0.001066s ]
ERR: 无法加载控制器:Css

[ 2016-02-26T19:14:27+08:00 ] 127.0.0.1 /yaodian/Public/origin/search/searchResult.html
INFO: [ app_init ] --START--
INFO: Run Behavior\BuildLiteBehavior [ RunTime:0.000023s ]
INFO: [ app_init ] --END-- [ RunTime:0.000579s ]
INFO: [ app_begin ] --START--
INFO: Run Behavior\ReadHtmlCacheBehavior [ RunTime:0.001016s ]
INFO: [ app_begin ] --END-- [ RunTime:0.001150s ]
ERR: 无法加载控制器:Origin

[ 2016-02-26T19:14:32+08:00 ] 127.0.0.1 /yaodian/Public/origin/search/searchResult.html
INFO: [ app_init ] --START--
INFO: Run Behavior\BuildLiteBehavior [ RunTime:0.000060s ]
INFO: [ app_init ] --END-- [ RunTime:0.001196s ]
INFO: [ app_begin ] --START--
INFO: Run Behavior\ReadHtmlCacheBehavior [ RunTime:0.001066s ]
INFO: [ app_begin ] --END-- [ RunTime:0.001279s ]
ERR: 无法加载控制器:Origin

[ 2016-02-26T19:17:12+08:00 ] 127.0.0.1 /yaodian/Public/images/medicine/detail.html
INFO: [ app_init ] --START--
INFO: Run Behavior\BuildLiteBehavior [ RunTime:0.000025s ]
INFO: [ app_init ] --END-- [ RunTime:0.000467s ]
INFO: [ app_begin ] --START--
INFO: Run Behavior\ReadHtmlCacheBehavior [ RunTime:0.000536s ]
INFO: [ app_begin ] --END-- [ RunTime:0.000635s ]
ERR: 无法加载控制器:Images

